2023-05-21 22:13:28,629 INFO:root:Started Client.
2023-05-21 22:13:28,631 DEBUG:urllib3.connectionpool:Starting new HTTPS connection (1): account.readcoop.eu:443
2023-05-21 22:13:28,842 DEBUG:urllib3.connectionpool:https://account.readcoop.eu:443 "POST /auth/realms/readcoop/protocol/openid-connect/token HTTP/1.1" 200 2437
2023-05-21 22:13:28,843 INFO:root:maximilian.hindermann@unibas.ch authorized successfully with https://transkribus.eu/processing/v1.
2023-05-21 22:13:28,844 INFO:root:Started Client().enrich_tropy(tropy_file_path=C:\Users\Max\PycharmProjects\metagrapho-tropy/sample/sample_input_updated.json, download_file_path=C:\Users\Max\PycharmProjects\metagrapho-tropy/sample/download_input.json),tropy_save_path=None,lines=True.
2023-05-21 22:13:29,022 ERROR:root:Item F0140 has no result, previous processing or download failed.
Traceback (most recent call last):
  File "C:\Users\Max\PycharmProjects\metagrapho-tropy\metagrapho_tropy\client.py", line 378, in enrich_tropy
    text = download[parsed_item.identifier][2]["content"]["text"]  # TODO: add metadata for transcription
KeyError: 'content'
2023-05-21 22:13:29,033 ERROR:root:Item F0150 has no result, previous processing or download failed.
Traceback (most recent call last):
  File "C:\Users\Max\PycharmProjects\metagrapho-tropy\metagrapho_tropy\client.py", line 378, in enrich_tropy
    text = download[parsed_item.identifier][2]["content"]["text"]  # TODO: add metadata for transcription
KeyError: 'content'
2023-05-21 22:13:29,051 ERROR:root:Item F0162 has no result, previous processing or download failed.
Traceback (most recent call last):
  File "C:\Users\Max\PycharmProjects\metagrapho-tropy\metagrapho_tropy\client.py", line 378, in enrich_tropy
    text = download[parsed_item.identifier][2]["content"]["text"]  # TODO: add metadata for transcription
KeyError: 'content'
2023-05-21 22:13:29,081 ERROR:root:Item F0188 has no result, previous processing or download failed.
Traceback (most recent call last):
  File "C:\Users\Max\PycharmProjects\metagrapho-tropy\metagrapho_tropy\client.py", line 378, in enrich_tropy
    text = download[parsed_item.identifier][2]["content"]["text"]  # TODO: add metadata for transcription
KeyError: 'content'
2023-05-21 22:13:29,113 ERROR:root:Item F0228 has no result, previous processing or download failed.
Traceback (most recent call last):
  File "C:\Users\Max\PycharmProjects\metagrapho-tropy\metagrapho_tropy\client.py", line 378, in enrich_tropy
    text = download[parsed_item.identifier][2]["content"]["text"]  # TODO: add metadata for transcription
KeyError: 'content'
2023-05-21 22:13:29,364 INFO:root:Enriched Tropy export JSON-LD file saved to C:\Users\Max\PycharmProjects\metagrapho-tropy/sample/sample_input_updated_enriched_20230521-221329.json.
2023-05-21 22:13:29,365 INFO:root:Finished Client.enrich_tropy.
