2023-05-20 22:19:25,568 INFO:root:Started Client.
2023-05-20 22:19:25,571 DEBUG:urllib3.connectionpool:Starting new HTTPS connection (1): account.readcoop.eu:443
2023-05-20 22:19:25,735 DEBUG:urllib3.connectionpool:https://account.readcoop.eu:443 "POST /auth/realms/readcoop/protocol/openid-connect/token HTTP/1.1" 200 2437
2023-05-20 22:19:25,736 INFO:root:maximilian.hindermann@unibas.ch authorized successfully with https://transkribus.eu/processing/v1.
2023-05-20 22:19:25,737 INFO:root:Started Client().download(mapping_file_path=C:\Users\Max\PycharmProjects\metagrapho-tropy/test/mapping_input.csv, download_save_path=None).
2023-05-20 22:19:25,739 DEBUG:urllib3.connectionpool:Starting new HTTPS connection (1): transkribus.eu:443
2023-05-20 22:19:25,874 DEBUG:urllib3.connectionpool:https://transkribus.eu:443 "GET /processing/v1/processes/5025238 HTTP/1.1" 200 106
2023-05-20 22:19:25,875 DEBUG:urllib3.connectionpool:Starting new HTTPS connection (1): transkribus.eu:443
2023-05-20 22:19:26,012 DEBUG:urllib3.connectionpool:https://transkribus.eu:443 "GET /processing/v1/processes/5025239 HTTP/1.1" 200 106
2023-05-20 22:19:26,015 DEBUG:urllib3.connectionpool:Starting new HTTPS connection (1): transkribus.eu:443
2023-05-20 22:19:26,143 DEBUG:urllib3.connectionpool:https://transkribus.eu:443 "GET /processing/v1/processes/5025240 HTTP/1.1" 200 None
2023-05-20 22:19:26,146 DEBUG:urllib3.connectionpool:Starting new HTTPS connection (1): transkribus.eu:443
2023-05-20 22:19:26,272 DEBUG:urllib3.connectionpool:https://transkribus.eu:443 "GET /processing/v1/processes/5025241 HTTP/1.1" 200 1300
2023-05-20 22:19:26,274 DEBUG:urllib3.connectionpool:Starting new HTTPS connection (1): transkribus.eu:443
2023-05-20 22:19:26,399 DEBUG:urllib3.connectionpool:https://transkribus.eu:443 "GET /processing/v1/processes/5025242 HTTP/1.1" 200 932
2023-05-20 22:19:26,401 DEBUG:urllib3.connectionpool:Starting new HTTPS connection (1): transkribus.eu:443
2023-05-20 22:19:26,526 DEBUG:urllib3.connectionpool:https://transkribus.eu:443 "GET /processing/v1/processes/5025243 HTTP/1.1" 200 536
2023-05-20 22:19:26,528 DEBUG:urllib3.connectionpool:Starting new HTTPS connection (1): transkribus.eu:443
2023-05-20 22:19:26,655 DEBUG:urllib3.connectionpool:https://transkribus.eu:443 "GET /processing/v1/processes/5025244 HTTP/1.1" 200 1090
2023-05-20 22:19:26,658 DEBUG:urllib3.connectionpool:Starting new HTTPS connection (1): transkribus.eu:443
2023-05-20 22:19:26,782 DEBUG:urllib3.connectionpool:https://transkribus.eu:443 "GET /processing/v1/processes/5025245 HTTP/1.1" 200 1301
2023-05-20 22:19:26,785 DEBUG:urllib3.connectionpool:Starting new HTTPS connection (1): transkribus.eu:443
2023-05-20 22:19:26,912 DEBUG:urllib3.connectionpool:https://transkribus.eu:443 "GET /processing/v1/processes/5025246 HTTP/1.1" 200 1356
2023-05-20 22:19:26,914 DEBUG:urllib3.connectionpool:Starting new HTTPS connection (1): transkribus.eu:443
2023-05-20 22:19:27,043 DEBUG:urllib3.connectionpool:https://transkribus.eu:443 "GET /processing/v1/processes/5025247 HTTP/1.1" 200 1195
2023-05-20 22:19:27,046 DEBUG:urllib3.connectionpool:Starting new HTTPS connection (1): transkribus.eu:443
2023-05-20 22:19:27,172 DEBUG:urllib3.connectionpool:https://transkribus.eu:443 "GET /processing/v1/processes/5025248 HTTP/1.1" 200 1145
2023-05-20 22:19:27,174 DEBUG:urllib3.connectionpool:Starting new HTTPS connection (1): transkribus.eu:443
2023-05-20 22:19:27,301 DEBUG:urllib3.connectionpool:https://transkribus.eu:443 "GET /processing/v1/processes/5025249 HTTP/1.1" 200 991
2023-05-20 22:19:27,304 DEBUG:urllib3.connectionpool:Starting new HTTPS connection (1): transkribus.eu:443
2023-05-20 22:19:27,428 DEBUG:urllib3.connectionpool:https://transkribus.eu:443 "GET /processing/v1/processes/5025250 HTTP/1.1" 200 835
2023-05-20 22:19:27,430 DEBUG:urllib3.connectionpool:Starting new HTTPS connection (1): transkribus.eu:443
2023-05-20 22:19:27,561 DEBUG:urllib3.connectionpool:https://transkribus.eu:443 "GET /processing/v1/processes/5025251 HTTP/1.1" 200 None
2023-05-20 22:19:27,564 DEBUG:urllib3.connectionpool:Starting new HTTPS connection (1): transkribus.eu:443
2023-05-20 22:19:27,693 DEBUG:urllib3.connectionpool:https://transkribus.eu:443 "GET /processing/v1/processes/5025252 HTTP/1.1" 200 928
2023-05-20 22:19:27,696 DEBUG:urllib3.connectionpool:Starting new HTTPS connection (1): transkribus.eu:443
2023-05-20 22:19:27,820 DEBUG:urllib3.connectionpool:https://transkribus.eu:443 "GET /processing/v1/processes/5025253 HTTP/1.1" 200 969
2023-05-20 22:19:27,823 DEBUG:urllib3.connectionpool:Starting new HTTPS connection (1): transkribus.eu:443
2023-05-20 22:19:27,947 DEBUG:urllib3.connectionpool:https://transkribus.eu:443 "GET /processing/v1/processes/5025254 HTTP/1.1" 200 843
2023-05-20 22:19:27,949 DEBUG:urllib3.connectionpool:Starting new HTTPS connection (1): transkribus.eu:443
2023-05-20 22:19:28,073 DEBUG:urllib3.connectionpool:https://transkribus.eu:443 "GET /processing/v1/processes/5025255 HTTP/1.1" 200 712
2023-05-20 22:19:28,076 DEBUG:urllib3.connectionpool:Starting new HTTPS connection (1): transkribus.eu:443
2023-05-20 22:19:28,202 DEBUG:urllib3.connectionpool:https://transkribus.eu:443 "GET /processing/v1/processes/5025257 HTTP/1.1" 200 642
2023-05-20 22:19:28,205 DEBUG:urllib3.connectionpool:Starting new HTTPS connection (1): transkribus.eu:443
2023-05-20 22:19:28,333 DEBUG:urllib3.connectionpool:https://transkribus.eu:443 "GET /processing/v1/processes/5025258 HTTP/1.1" 200 1747
2023-05-20 22:19:28,335 DEBUG:urllib3.connectionpool:Starting new HTTPS connection (1): transkribus.eu:443
2023-05-20 22:19:28,462 DEBUG:urllib3.connectionpool:https://transkribus.eu:443 "GET /processing/v1/processes/5025259 HTTP/1.1" 200 957
2023-05-20 22:19:28,464 DEBUG:urllib3.connectionpool:Starting new HTTPS connection (1): transkribus.eu:443
2023-05-20 22:19:28,589 DEBUG:urllib3.connectionpool:https://transkribus.eu:443 "GET /processing/v1/processes/5025260 HTTP/1.1" 200 1068
2023-05-20 22:19:28,591 DEBUG:urllib3.connectionpool:Starting new HTTPS connection (1): transkribus.eu:443
2023-05-20 22:19:28,723 DEBUG:urllib3.connectionpool:https://transkribus.eu:443 "GET /processing/v1/processes/5025261 HTTP/1.1" 200 1523
2023-05-20 22:19:28,726 DEBUG:urllib3.connectionpool:Starting new HTTPS connection (1): transkribus.eu:443
2023-05-20 22:19:28,859 DEBUG:urllib3.connectionpool:https://transkribus.eu:443 "GET /processing/v1/processes/5025262 HTTP/1.1" 200 1087
2023-05-20 22:19:28,861 DEBUG:urllib3.connectionpool:Starting new HTTPS connection (1): transkribus.eu:443
2023-05-20 22:19:28,986 DEBUG:urllib3.connectionpool:https://transkribus.eu:443 "GET /processing/v1/processes/5025263 HTTP/1.1" 200 None
2023-05-20 22:19:28,989 DEBUG:urllib3.connectionpool:Starting new HTTPS connection (1): transkribus.eu:443
2023-05-20 22:19:29,113 DEBUG:urllib3.connectionpool:https://transkribus.eu:443 "GET /processing/v1/processes/5025265 HTTP/1.1" 200 1274
2023-05-20 22:19:29,116 DEBUG:urllib3.connectionpool:Starting new HTTPS connection (1): transkribus.eu:443
2023-05-20 22:19:29,240 DEBUG:urllib3.connectionpool:https://transkribus.eu:443 "GET /processing/v1/processes/5025266 HTTP/1.1" 200 1450
2023-05-20 22:19:29,243 DEBUG:urllib3.connectionpool:Starting new HTTPS connection (1): transkribus.eu:443
2023-05-20 22:19:29,374 DEBUG:urllib3.connectionpool:https://transkribus.eu:443 "GET /processing/v1/processes/5025267 HTTP/1.1" 200 1070
2023-05-20 22:19:29,377 DEBUG:urllib3.connectionpool:Starting new HTTPS connection (1): transkribus.eu:443
2023-05-20 22:19:29,511 DEBUG:urllib3.connectionpool:https://transkribus.eu:443 "GET /processing/v1/processes/5025268 HTTP/1.1" 200 850
2023-05-20 22:19:29,513 DEBUG:urllib3.connectionpool:Starting new HTTPS connection (1): transkribus.eu:443
2023-05-20 22:19:29,643 DEBUG:urllib3.connectionpool:https://transkribus.eu:443 "GET /processing/v1/processes/5025269 HTTP/1.1" 200 1228
2023-05-20 22:19:29,645 DEBUG:urllib3.connectionpool:Starting new HTTPS connection (1): transkribus.eu:443
2023-05-20 22:19:29,768 DEBUG:urllib3.connectionpool:https://transkribus.eu:443 "GET /processing/v1/processes/5025270 HTTP/1.1" 200 106
2023-05-20 22:19:29,770 DEBUG:urllib3.connectionpool:Starting new HTTPS connection (1): transkribus.eu:443
2023-05-20 22:19:29,903 DEBUG:urllib3.connectionpool:https://transkribus.eu:443 "GET /processing/v1/processes/5025271 HTTP/1.1" 200 None
2023-05-20 22:19:29,906 DEBUG:urllib3.connectionpool:Starting new HTTPS connection (1): transkribus.eu:443
2023-05-20 22:19:30,037 DEBUG:urllib3.connectionpool:https://transkribus.eu:443 "GET /processing/v1/processes/5025272 HTTP/1.1" 200 None
2023-05-20 22:19:30,040 DEBUG:urllib3.connectionpool:Starting new HTTPS connection (1): transkribus.eu:443
2023-05-20 22:19:30,172 DEBUG:urllib3.connectionpool:https://transkribus.eu:443 "GET /processing/v1/processes/5025273 HTTP/1.1" 200 None
2023-05-20 22:19:30,175 DEBUG:urllib3.connectionpool:Starting new HTTPS connection (1): transkribus.eu:443
2023-05-20 22:19:30,308 DEBUG:urllib3.connectionpool:https://transkribus.eu:443 "GET /processing/v1/processes/5025274 HTTP/1.1" 200 None
2023-05-20 22:19:30,311 DEBUG:urllib3.connectionpool:Starting new HTTPS connection (1): transkribus.eu:443
2023-05-20 22:19:30,444 DEBUG:urllib3.connectionpool:https://transkribus.eu:443 "GET /processing/v1/processes/5025275 HTTP/1.1" 200 None
2023-05-20 22:19:30,447 DEBUG:urllib3.connectionpool:Starting new HTTPS connection (1): transkribus.eu:443
2023-05-20 22:19:30,582 DEBUG:urllib3.connectionpool:https://transkribus.eu:443 "GET /processing/v1/processes/5025276 HTTP/1.1" 200 None
2023-05-20 22:19:30,584 DEBUG:urllib3.connectionpool:Starting new HTTPS connection (1): transkribus.eu:443
2023-05-20 22:19:30,715 DEBUG:urllib3.connectionpool:https://transkribus.eu:443 "GET /processing/v1/processes/5025277 HTTP/1.1" 200 None
2023-05-20 22:19:30,718 DEBUG:urllib3.connectionpool:Starting new HTTPS connection (1): transkribus.eu:443
2023-05-20 22:19:30,847 DEBUG:urllib3.connectionpool:https://transkribus.eu:443 "GET /processing/v1/processes/5025278 HTTP/1.1" 200 None
2023-05-20 22:19:30,850 DEBUG:urllib3.connectionpool:Starting new HTTPS connection (1): transkribus.eu:443
2023-05-20 22:19:30,975 DEBUG:urllib3.connectionpool:https://transkribus.eu:443 "GET /processing/v1/processes/5025279 HTTP/1.1" 200 1861
2023-05-20 22:19:30,978 DEBUG:urllib3.connectionpool:Starting new HTTPS connection (1): transkribus.eu:443
2023-05-20 22:19:31,108 DEBUG:urllib3.connectionpool:https://transkribus.eu:443 "GET /processing/v1/processes/5025280 HTTP/1.1" 200 1762
2023-05-20 22:19:31,111 DEBUG:urllib3.connectionpool:Starting new HTTPS connection (1): transkribus.eu:443
2023-05-20 22:19:31,237 DEBUG:urllib3.connectionpool:https://transkribus.eu:443 "GET /processing/v1/processes/5025281 HTTP/1.1" 200 None
2023-05-20 22:19:31,240 DEBUG:urllib3.connectionpool:Starting new HTTPS connection (1): transkribus.eu:443
2023-05-20 22:19:31,367 DEBUG:urllib3.connectionpool:https://transkribus.eu:443 "GET /processing/v1/processes/5025282 HTTP/1.1" 200 None
2023-05-20 22:19:31,370 DEBUG:urllib3.connectionpool:Starting new HTTPS connection (1): transkribus.eu:443
2023-05-20 22:19:31,500 DEBUG:urllib3.connectionpool:https://transkribus.eu:443 "GET /processing/v1/processes/5025283 HTTP/1.1" 200 None
2023-05-20 22:19:31,502 DEBUG:urllib3.connectionpool:Starting new HTTPS connection (1): transkribus.eu:443
2023-05-20 22:19:31,632 DEBUG:urllib3.connectionpool:https://transkribus.eu:443 "GET /processing/v1/processes/5025285 HTTP/1.1" 200 None
2023-05-20 22:19:31,634 DEBUG:urllib3.connectionpool:Starting new HTTPS connection (1): transkribus.eu:443
2023-05-20 22:19:31,764 DEBUG:urllib3.connectionpool:https://transkribus.eu:443 "GET /processing/v1/processes/5025286 HTTP/1.1" 200 None
2023-05-20 22:19:31,767 DEBUG:urllib3.connectionpool:Starting new HTTPS connection (1): transkribus.eu:443
2023-05-20 22:19:31,892 DEBUG:urllib3.connectionpool:https://transkribus.eu:443 "GET /processing/v1/processes/5025287 HTTP/1.1" 200 None
2023-05-20 22:19:31,896 DEBUG:urllib3.connectionpool:Starting new HTTPS connection (1): transkribus.eu:443
2023-05-20 22:19:32,023 DEBUG:urllib3.connectionpool:https://transkribus.eu:443 "GET /processing/v1/processes/5025288 HTTP/1.1" 200 None
2023-05-20 22:19:32,026 DEBUG:urllib3.connectionpool:Starting new HTTPS connection (1): transkribus.eu:443
2023-05-20 22:19:32,177 DEBUG:urllib3.connectionpool:https://transkribus.eu:443 "GET /processing/v1/processes/5025289 HTTP/1.1" 200 None
2023-05-20 22:19:32,180 DEBUG:urllib3.connectionpool:Starting new HTTPS connection (1): transkribus.eu:443
2023-05-20 22:19:32,542 DEBUG:urllib3.connectionpool:https://transkribus.eu:443 "GET /processing/v1/processes/5025290 HTTP/1.1" 200 None
2023-05-20 22:19:32,546 DEBUG:urllib3.connectionpool:Starting new HTTPS connection (1): transkribus.eu:443
2023-05-20 22:19:32,725 DEBUG:urllib3.connectionpool:https://transkribus.eu:443 "GET /processing/v1/processes/5025291 HTTP/1.1" 200 None
2023-05-20 22:19:32,728 DEBUG:urllib3.connectionpool:Starting new HTTPS connection (1): transkribus.eu:443
2023-05-20 22:19:33,069 DEBUG:urllib3.connectionpool:https://transkribus.eu:443 "GET /processing/v1/processes/5025292 HTTP/1.1" 200 None
2023-05-20 22:19:33,072 DEBUG:urllib3.connectionpool:Starting new HTTPS connection (1): transkribus.eu:443
2023-05-20 22:19:33,269 DEBUG:urllib3.connectionpool:https://transkribus.eu:443 "GET /processing/v1/processes/5025293 HTTP/1.1" 200 None
2023-05-20 22:19:33,272 DEBUG:urllib3.connectionpool:Starting new HTTPS connection (1): transkribus.eu:443
2023-05-20 22:19:33,447 DEBUG:urllib3.connectionpool:https://transkribus.eu:443 "GET /processing/v1/processes/5025294 HTTP/1.1" 200 None
2023-05-20 22:19:33,450 DEBUG:urllib3.connectionpool:Starting new HTTPS connection (1): transkribus.eu:443
2023-05-20 22:19:33,635 DEBUG:urllib3.connectionpool:https://transkribus.eu:443 "GET /processing/v1/processes/5025295 HTTP/1.1" 200 None
2023-05-20 22:19:33,638 DEBUG:urllib3.connectionpool:Starting new HTTPS connection (1): transkribus.eu:443
2023-05-20 22:19:33,957 DEBUG:urllib3.connectionpool:https://transkribus.eu:443 "GET /processing/v1/processes/5025296 HTTP/1.1" 200 None
2023-05-20 22:19:33,961 DEBUG:urllib3.connectionpool:Starting new HTTPS connection (1): transkribus.eu:443
2023-05-20 22:19:34,186 DEBUG:urllib3.connectionpool:https://transkribus.eu:443 "GET /processing/v1/processes/5025297 HTTP/1.1" 200 733
2023-05-20 22:19:34,189 DEBUG:urllib3.connectionpool:Starting new HTTPS connection (1): transkribus.eu:443
2023-05-20 22:19:34,563 DEBUG:urllib3.connectionpool:https://transkribus.eu:443 "GET /processing/v1/processes/5025298 HTTP/1.1" 200 558
2023-05-20 22:19:34,565 DEBUG:urllib3.connectionpool:Starting new HTTPS connection (1): transkribus.eu:443
2023-05-20 22:19:34,733 DEBUG:urllib3.connectionpool:https://transkribus.eu:443 "GET /processing/v1/processes/5025299 HTTP/1.1" 200 1610
2023-05-20 22:19:34,736 DEBUG:urllib3.connectionpool:Starting new HTTPS connection (1): transkribus.eu:443
2023-05-20 22:19:34,867 DEBUG:urllib3.connectionpool:https://transkribus.eu:443 "GET /processing/v1/processes/5025300 HTTP/1.1" 200 1789
2023-05-20 22:19:34,869 DEBUG:urllib3.connectionpool:Starting new HTTPS connection (1): transkribus.eu:443
2023-05-20 22:19:35,004 DEBUG:urllib3.connectionpool:https://transkribus.eu:443 "GET /processing/v1/processes/5025301 HTTP/1.1" 200 106
2023-05-20 22:19:35,006 DEBUG:urllib3.connectionpool:Starting new HTTPS connection (1): transkribus.eu:443
2023-05-20 22:19:35,202 DEBUG:urllib3.connectionpool:https://transkribus.eu:443 "GET /processing/v1/processes/5025302 HTTP/1.1" 200 106
2023-05-20 22:19:35,205 DEBUG:urllib3.connectionpool:Starting new HTTPS connection (1): transkribus.eu:443
2023-05-20 22:19:35,329 DEBUG:urllib3.connectionpool:https://transkribus.eu:443 "GET /processing/v1/processes/5025303 HTTP/1.1" 200 106
2023-05-20 22:19:35,331 DEBUG:urllib3.connectionpool:Starting new HTTPS connection (1): transkribus.eu:443
2023-05-20 22:19:35,462 DEBUG:urllib3.connectionpool:https://transkribus.eu:443 "GET /processing/v1/processes/5025304 HTTP/1.1" 200 106
2023-05-20 22:19:35,464 DEBUG:urllib3.connectionpool:Starting new HTTPS connection (1): transkribus.eu:443
2023-05-20 22:19:35,622 DEBUG:urllib3.connectionpool:https://transkribus.eu:443 "GET /processing/v1/processes/5025305 HTTP/1.1" 200 106
2023-05-20 22:19:35,624 DEBUG:urllib3.connectionpool:Starting new HTTPS connection (1): transkribus.eu:443
2023-05-20 22:19:35,763 DEBUG:urllib3.connectionpool:https://transkribus.eu:443 "GET /processing/v1/processes/5025306 HTTP/1.1" 200 1027
2023-05-20 22:19:35,766 DEBUG:urllib3.connectionpool:Starting new HTTPS connection (1): transkribus.eu:443
2023-05-20 22:19:35,904 DEBUG:urllib3.connectionpool:https://transkribus.eu:443 "GET /processing/v1/processes/5025307 HTTP/1.1" 200 None
2023-05-20 22:19:35,907 DEBUG:urllib3.connectionpool:Starting new HTTPS connection (1): transkribus.eu:443
2023-05-20 22:19:36,039 DEBUG:urllib3.connectionpool:https://transkribus.eu:443 "GET /processing/v1/processes/5025309 HTTP/1.1" 200 None
2023-05-20 22:19:36,042 DEBUG:urllib3.connectionpool:Starting new HTTPS connection (1): transkribus.eu:443
2023-05-20 22:19:36,242 DEBUG:urllib3.connectionpool:https://transkribus.eu:443 "GET /processing/v1/processes/5025310 HTTP/1.1" 200 None
2023-05-20 22:19:36,246 DEBUG:urllib3.connectionpool:Starting new HTTPS connection (1): transkribus.eu:443
2023-05-20 22:19:36,373 DEBUG:urllib3.connectionpool:https://transkribus.eu:443 "GET /processing/v1/processes/5025311 HTTP/1.1" 200 373
2023-05-20 22:19:36,376 DEBUG:urllib3.connectionpool:Starting new HTTPS connection (1): transkribus.eu:443
2023-05-20 22:19:36,504 DEBUG:urllib3.connectionpool:https://transkribus.eu:443 "GET /processing/v1/processes/5025312 HTTP/1.1" 200 678
2023-05-20 22:19:36,507 DEBUG:urllib3.connectionpool:Starting new HTTPS connection (1): transkribus.eu:443
2023-05-20 22:19:36,637 DEBUG:urllib3.connectionpool:https://transkribus.eu:443 "GET /processing/v1/processes/5025313 HTTP/1.1" 200 1705
2023-05-20 22:19:36,639 DEBUG:urllib3.connectionpool:Starting new HTTPS connection (1): transkribus.eu:443
2023-05-20 22:19:36,778 DEBUG:urllib3.connectionpool:https://transkribus.eu:443 "GET /processing/v1/processes/5025314 HTTP/1.1" 200 None
2023-05-20 22:19:36,781 DEBUG:urllib3.connectionpool:Starting new HTTPS connection (1): transkribus.eu:443
2023-05-20 22:19:36,910 DEBUG:urllib3.connectionpool:https://transkribus.eu:443 "GET /processing/v1/processes/5025315 HTTP/1.1" 200 1500
2023-05-20 22:19:36,912 DEBUG:urllib3.connectionpool:Starting new HTTPS connection (1): transkribus.eu:443
2023-05-20 22:19:37,044 DEBUG:urllib3.connectionpool:https://transkribus.eu:443 "GET /processing/v1/processes/5025316 HTTP/1.1" 200 None
2023-05-20 22:19:37,047 DEBUG:urllib3.connectionpool:Starting new HTTPS connection (1): transkribus.eu:443
2023-05-20 22:19:37,174 DEBUG:urllib3.connectionpool:https://transkribus.eu:443 "GET /processing/v1/processes/5025317 HTTP/1.1" 200 None
2023-05-20 22:19:37,177 DEBUG:urllib3.connectionpool:Starting new HTTPS connection (1): transkribus.eu:443
2023-05-20 22:19:37,310 DEBUG:urllib3.connectionpool:https://transkribus.eu:443 "GET /processing/v1/processes/5025318 HTTP/1.1" 200 None
2023-05-20 22:19:37,313 DEBUG:urllib3.connectionpool:Starting new HTTPS connection (1): transkribus.eu:443
2023-05-20 22:19:37,458 DEBUG:urllib3.connectionpool:https://transkribus.eu:443 "GET /processing/v1/processes/5025319 HTTP/1.1" 200 None
2023-05-20 22:19:37,462 DEBUG:urllib3.connectionpool:Starting new HTTPS connection (1): transkribus.eu:443
2023-05-20 22:19:37,597 DEBUG:urllib3.connectionpool:https://transkribus.eu:443 "GET /processing/v1/processes/5025320 HTTP/1.1" 200 None
2023-05-20 22:19:37,600 DEBUG:urllib3.connectionpool:Starting new HTTPS connection (1): transkribus.eu:443
2023-05-20 22:19:37,741 DEBUG:urllib3.connectionpool:https://transkribus.eu:443 "GET /processing/v1/processes/5025321 HTTP/1.1" 200 None
2023-05-20 22:19:37,744 DEBUG:urllib3.connectionpool:Starting new HTTPS connection (1): transkribus.eu:443
2023-05-20 22:19:37,896 DEBUG:urllib3.connectionpool:https://transkribus.eu:443 "GET /processing/v1/processes/5025322 HTTP/1.1" 200 None
2023-05-20 22:19:37,899 DEBUG:urllib3.connectionpool:Starting new HTTPS connection (1): transkribus.eu:443
2023-05-20 22:19:38,044 DEBUG:urllib3.connectionpool:https://transkribus.eu:443 "GET /processing/v1/processes/5025323 HTTP/1.1" 200 None
2023-05-20 22:19:38,047 DEBUG:urllib3.connectionpool:Starting new HTTPS connection (1): transkribus.eu:443
2023-05-20 22:19:38,187 DEBUG:urllib3.connectionpool:https://transkribus.eu:443 "GET /processing/v1/processes/5025324 HTTP/1.1" 200 None
2023-05-20 22:19:38,190 DEBUG:urllib3.connectionpool:Starting new HTTPS connection (1): transkribus.eu:443
2023-05-20 22:19:38,321 DEBUG:urllib3.connectionpool:https://transkribus.eu:443 "GET /processing/v1/processes/5025325 HTTP/1.1" 200 None
2023-05-20 22:19:38,324 DEBUG:urllib3.connectionpool:Starting new HTTPS connection (1): transkribus.eu:443
2023-05-20 22:19:38,456 DEBUG:urllib3.connectionpool:https://transkribus.eu:443 "GET /processing/v1/processes/5025326 HTTP/1.1" 200 None
2023-05-20 22:19:38,459 DEBUG:urllib3.connectionpool:Starting new HTTPS connection (1): transkribus.eu:443
2023-05-20 22:19:38,588 DEBUG:urllib3.connectionpool:https://transkribus.eu:443 "GET /processing/v1/processes/5025327 HTTP/1.1" 200 None
2023-05-20 22:19:38,591 DEBUG:urllib3.connectionpool:Starting new HTTPS connection (1): transkribus.eu:443
2023-05-20 22:19:38,719 DEBUG:urllib3.connectionpool:https://transkribus.eu:443 "GET /processing/v1/processes/5025328 HTTP/1.1" 200 None
2023-05-20 22:19:38,722 DEBUG:urllib3.connectionpool:Starting new HTTPS connection (1): transkribus.eu:443
2023-05-20 22:19:38,854 DEBUG:urllib3.connectionpool:https://transkribus.eu:443 "GET /processing/v1/processes/5025329 HTTP/1.1" 200 None
2023-05-20 22:19:38,857 DEBUG:urllib3.connectionpool:Starting new HTTPS connection (1): transkribus.eu:443
2023-05-20 22:19:38,987 DEBUG:urllib3.connectionpool:https://transkribus.eu:443 "GET /processing/v1/processes/5025330 HTTP/1.1" 200 None
2023-05-20 22:19:38,990 DEBUG:urllib3.connectionpool:Starting new HTTPS connection (1): transkribus.eu:443
2023-05-20 22:19:39,122 DEBUG:urllib3.connectionpool:https://transkribus.eu:443 "GET /processing/v1/processes/5025331 HTTP/1.1" 200 None
2023-05-20 22:19:39,124 DEBUG:urllib3.connectionpool:Starting new HTTPS connection (1): transkribus.eu:443
2023-05-20 22:19:39,413 DEBUG:urllib3.connectionpool:https://transkribus.eu:443 "GET /processing/v1/processes/5025332 HTTP/1.1" 200 None
2023-05-20 22:19:39,416 DEBUG:urllib3.connectionpool:Starting new HTTPS connection (1): transkribus.eu:443
2023-05-20 22:19:39,547 DEBUG:urllib3.connectionpool:https://transkribus.eu:443 "GET /processing/v1/processes/5025333 HTTP/1.1" 200 None
2023-05-20 22:19:39,550 DEBUG:urllib3.connectionpool:Starting new HTTPS connection (1): transkribus.eu:443
2023-05-20 22:19:39,680 DEBUG:urllib3.connectionpool:https://transkribus.eu:443 "GET /processing/v1/processes/5025334 HTTP/1.1" 200 None
2023-05-20 22:19:39,683 DEBUG:urllib3.connectionpool:Starting new HTTPS connection (1): transkribus.eu:443
2023-05-20 22:19:39,811 DEBUG:urllib3.connectionpool:https://transkribus.eu:443 "GET /processing/v1/processes/5025335 HTTP/1.1" 200 None
2023-05-20 22:19:39,814 DEBUG:urllib3.connectionpool:Starting new HTTPS connection (1): transkribus.eu:443
2023-05-20 22:19:39,942 DEBUG:urllib3.connectionpool:https://transkribus.eu:443 "GET /processing/v1/processes/5025336 HTTP/1.1" 200 None
2023-05-20 22:19:39,946 DEBUG:urllib3.connectionpool:Starting new HTTPS connection (1): transkribus.eu:443
2023-05-20 22:19:40,076 DEBUG:urllib3.connectionpool:https://transkribus.eu:443 "GET /processing/v1/processes/5025337 HTTP/1.1" 200 None
2023-05-20 22:19:40,079 DEBUG:urllib3.connectionpool:Starting new HTTPS connection (1): transkribus.eu:443
2023-05-20 22:19:40,225 DEBUG:urllib3.connectionpool:https://transkribus.eu:443 "GET /processing/v1/processes/5025338 HTTP/1.1" 200 None
2023-05-20 22:19:40,228 DEBUG:urllib3.connectionpool:Starting new HTTPS connection (1): transkribus.eu:443
2023-05-20 22:19:40,359 DEBUG:urllib3.connectionpool:https://transkribus.eu:443 "GET /processing/v1/processes/5025339 HTTP/1.1" 200 None
2023-05-20 22:19:40,362 DEBUG:urllib3.connectionpool:Starting new HTTPS connection (1): transkribus.eu:443
2023-05-20 22:19:40,490 DEBUG:urllib3.connectionpool:https://transkribus.eu:443 "GET /processing/v1/processes/5025340 HTTP/1.1" 200 None
2023-05-20 22:19:40,493 DEBUG:urllib3.connectionpool:Starting new HTTPS connection (1): transkribus.eu:443
2023-05-20 22:19:40,625 DEBUG:urllib3.connectionpool:https://transkribus.eu:443 "GET /processing/v1/processes/5025341 HTTP/1.1" 200 None
2023-05-20 22:19:40,627 DEBUG:urllib3.connectionpool:Starting new HTTPS connection (1): transkribus.eu:443
2023-05-20 22:19:40,761 DEBUG:urllib3.connectionpool:https://transkribus.eu:443 "GET /processing/v1/processes/5025342 HTTP/1.1" 200 None
2023-05-20 22:19:40,764 DEBUG:urllib3.connectionpool:Starting new HTTPS connection (1): transkribus.eu:443
2023-05-20 22:19:40,899 DEBUG:urllib3.connectionpool:https://transkribus.eu:443 "GET /processing/v1/processes/5025343 HTTP/1.1" 200 None
2023-05-20 22:19:40,902 DEBUG:urllib3.connectionpool:Starting new HTTPS connection (1): transkribus.eu:443
2023-05-20 22:19:41,029 DEBUG:urllib3.connectionpool:https://transkribus.eu:443 "GET /processing/v1/processes/5025344 HTTP/1.1" 200 None
2023-05-20 22:19:41,032 DEBUG:urllib3.connectionpool:Starting new HTTPS connection (1): transkribus.eu:443
2023-05-20 22:19:41,159 DEBUG:urllib3.connectionpool:https://transkribus.eu:443 "GET /processing/v1/processes/5025345 HTTP/1.1" 200 None
2023-05-20 22:19:41,161 DEBUG:urllib3.connectionpool:Starting new HTTPS connection (1): transkribus.eu:443
2023-05-20 22:19:41,286 DEBUG:urllib3.connectionpool:https://transkribus.eu:443 "GET /processing/v1/processes/5025346 HTTP/1.1" 200 None
2023-05-20 22:19:41,289 DEBUG:urllib3.connectionpool:Starting new HTTPS connection (1): transkribus.eu:443
2023-05-20 22:19:41,415 DEBUG:urllib3.connectionpool:https://transkribus.eu:443 "GET /processing/v1/processes/5025347 HTTP/1.1" 200 None
2023-05-20 22:19:41,418 DEBUG:urllib3.connectionpool:Starting new HTTPS connection (1): transkribus.eu:443
2023-05-20 22:19:41,543 DEBUG:urllib3.connectionpool:https://transkribus.eu:443 "GET /processing/v1/processes/5025348 HTTP/1.1" 200 None
2023-05-20 22:19:41,546 DEBUG:urllib3.connectionpool:Starting new HTTPS connection (1): transkribus.eu:443
2023-05-20 22:19:41,670 DEBUG:urllib3.connectionpool:https://transkribus.eu:443 "GET /processing/v1/processes/5025349 HTTP/1.1" 200 None
2023-05-20 22:19:41,673 DEBUG:urllib3.connectionpool:Starting new HTTPS connection (1): transkribus.eu:443
2023-05-20 22:19:41,799 DEBUG:urllib3.connectionpool:https://transkribus.eu:443 "GET /processing/v1/processes/5025350 HTTP/1.1" 200 None
2023-05-20 22:19:41,802 DEBUG:urllib3.connectionpool:Starting new HTTPS connection (1): transkribus.eu:443
2023-05-20 22:19:41,925 DEBUG:urllib3.connectionpool:https://transkribus.eu:443 "GET /processing/v1/processes/5025351 HTTP/1.1" 200 1627
2023-05-20 22:19:41,928 DEBUG:urllib3.connectionpool:Starting new HTTPS connection (1): transkribus.eu:443
2023-05-20 22:19:42,053 DEBUG:urllib3.connectionpool:https://transkribus.eu:443 "GET /processing/v1/processes/5025352 HTTP/1.1" 200 1498
2023-05-20 22:19:42,055 DEBUG:urllib3.connectionpool:Starting new HTTPS connection (1): transkribus.eu:443
2023-05-20 22:19:42,183 DEBUG:urllib3.connectionpool:https://transkribus.eu:443 "GET /processing/v1/processes/5025353 HTTP/1.1" 200 None
2023-05-20 22:19:42,186 DEBUG:urllib3.connectionpool:Starting new HTTPS connection (1): transkribus.eu:443
2023-05-20 22:19:42,311 DEBUG:urllib3.connectionpool:https://transkribus.eu:443 "GET /processing/v1/processes/5025354 HTTP/1.1" 200 None
2023-05-20 22:19:42,314 DEBUG:urllib3.connectionpool:Starting new HTTPS connection (1): transkribus.eu:443
2023-05-20 22:19:42,440 DEBUG:urllib3.connectionpool:https://transkribus.eu:443 "GET /processing/v1/processes/5025355 HTTP/1.1" 200 430
2023-05-20 22:19:42,443 DEBUG:urllib3.connectionpool:Starting new HTTPS connection (1): transkribus.eu:443
2023-05-20 22:19:42,606 DEBUG:urllib3.connectionpool:https://transkribus.eu:443 "GET /processing/v1/processes/5025357 HTTP/1.1" 200 442
2023-05-20 22:19:42,609 DEBUG:urllib3.connectionpool:Starting new HTTPS connection (1): transkribus.eu:443
2023-05-20 22:19:42,733 DEBUG:urllib3.connectionpool:https://transkribus.eu:443 "GET /processing/v1/processes/5025358 HTTP/1.1" 200 410
2023-05-20 22:19:42,735 DEBUG:urllib3.connectionpool:Starting new HTTPS connection (1): transkribus.eu:443
2023-05-20 22:19:42,866 DEBUG:urllib3.connectionpool:https://transkribus.eu:443 "GET /processing/v1/processes/5025359 HTTP/1.1" 200 419
2023-05-20 22:19:42,868 DEBUG:urllib3.connectionpool:Starting new HTTPS connection (1): transkribus.eu:443
2023-05-20 22:19:42,999 DEBUG:urllib3.connectionpool:https://transkribus.eu:443 "GET /processing/v1/processes/5025360 HTTP/1.1" 200 466
2023-05-20 22:19:43,001 DEBUG:urllib3.connectionpool:Starting new HTTPS connection (1): transkribus.eu:443
2023-05-20 22:19:43,259 DEBUG:urllib3.connectionpool:https://transkribus.eu:443 "GET /processing/v1/processes/5025361 HTTP/1.1" 200 None
2023-05-20 22:19:43,262 DEBUG:urllib3.connectionpool:Starting new HTTPS connection (1): transkribus.eu:443
2023-05-20 22:19:43,395 DEBUG:urllib3.connectionpool:https://transkribus.eu:443 "GET /processing/v1/processes/5025362 HTTP/1.1" 200 None
2023-05-20 22:19:43,397 DEBUG:urllib3.connectionpool:Starting new HTTPS connection (1): transkribus.eu:443
2023-05-20 22:19:43,528 DEBUG:urllib3.connectionpool:https://transkribus.eu:443 "GET /processing/v1/processes/5025363 HTTP/1.1" 200 None
2023-05-20 22:19:43,531 DEBUG:urllib3.connectionpool:Starting new HTTPS connection (1): transkribus.eu:443
2023-05-20 22:19:43,664 DEBUG:urllib3.connectionpool:https://transkribus.eu:443 "GET /processing/v1/processes/5025364 HTTP/1.1" 200 None
2023-05-20 22:19:43,667 DEBUG:urllib3.connectionpool:Starting new HTTPS connection (1): transkribus.eu:443
2023-05-20 22:19:43,797 DEBUG:urllib3.connectionpool:https://transkribus.eu:443 "GET /processing/v1/processes/5025365 HTTP/1.1" 200 None
2023-05-20 22:19:43,800 DEBUG:urllib3.connectionpool:Starting new HTTPS connection (1): transkribus.eu:443
2023-05-20 22:19:43,928 DEBUG:urllib3.connectionpool:https://transkribus.eu:443 "GET /processing/v1/processes/5025367 HTTP/1.1" 200 None
2023-05-20 22:19:43,931 DEBUG:urllib3.connectionpool:Starting new HTTPS connection (1): transkribus.eu:443
2023-05-20 22:19:44,070 DEBUG:urllib3.connectionpool:https://transkribus.eu:443 "GET /processing/v1/processes/5025368 HTTP/1.1" 200 None
2023-05-20 22:19:44,073 DEBUG:urllib3.connectionpool:Starting new HTTPS connection (1): transkribus.eu:443
2023-05-20 22:19:44,200 DEBUG:urllib3.connectionpool:https://transkribus.eu:443 "GET /processing/v1/processes/5025369 HTTP/1.1" 200 1679
2023-05-20 22:19:44,203 DEBUG:urllib3.connectionpool:Starting new HTTPS connection (1): transkribus.eu:443
2023-05-20 22:19:44,332 DEBUG:urllib3.connectionpool:https://transkribus.eu:443 "GET /processing/v1/processes/5025370 HTTP/1.1" 200 None
2023-05-20 22:19:44,335 DEBUG:urllib3.connectionpool:Starting new HTTPS connection (1): transkribus.eu:443
2023-05-20 22:19:44,469 DEBUG:urllib3.connectionpool:https://transkribus.eu:443 "GET /processing/v1/processes/5025371 HTTP/1.1" 200 None
2023-05-20 22:19:44,471 DEBUG:urllib3.connectionpool:Starting new HTTPS connection (1): transkribus.eu:443
2023-05-20 22:19:44,603 DEBUG:urllib3.connectionpool:https://transkribus.eu:443 "GET /processing/v1/processes/5025372 HTTP/1.1" 200 None
2023-05-20 22:19:44,605 DEBUG:urllib3.connectionpool:Starting new HTTPS connection (1): transkribus.eu:443
2023-05-20 22:19:44,747 DEBUG:urllib3.connectionpool:https://transkribus.eu:443 "GET /processing/v1/processes/5025373 HTTP/1.1" 200 None
2023-05-20 22:19:44,750 DEBUG:urllib3.connectionpool:Starting new HTTPS connection (1): transkribus.eu:443
2023-05-20 22:19:44,883 DEBUG:urllib3.connectionpool:https://transkribus.eu:443 "GET /processing/v1/processes/5025374 HTTP/1.1" 200 None
2023-05-20 22:19:44,886 DEBUG:urllib3.connectionpool:Starting new HTTPS connection (1): transkribus.eu:443
2023-05-20 22:19:45,018 DEBUG:urllib3.connectionpool:https://transkribus.eu:443 "GET /processing/v1/processes/5025375 HTTP/1.1" 200 None
2023-05-20 22:19:45,021 DEBUG:urllib3.connectionpool:Starting new HTTPS connection (1): transkribus.eu:443
2023-05-20 22:19:45,151 DEBUG:urllib3.connectionpool:https://transkribus.eu:443 "GET /processing/v1/processes/5025376 HTTP/1.1" 200 None
2023-05-20 22:19:45,154 DEBUG:urllib3.connectionpool:Starting new HTTPS connection (1): transkribus.eu:443
2023-05-20 22:19:45,292 DEBUG:urllib3.connectionpool:https://transkribus.eu:443 "GET /processing/v1/processes/5025377 HTTP/1.1" 200 None
2023-05-20 22:19:45,295 DEBUG:urllib3.connectionpool:Starting new HTTPS connection (1): transkribus.eu:443
2023-05-20 22:19:45,428 DEBUG:urllib3.connectionpool:https://transkribus.eu:443 "GET /processing/v1/processes/5025378 HTTP/1.1" 200 None
2023-05-20 22:19:45,431 DEBUG:urllib3.connectionpool:Starting new HTTPS connection (1): transkribus.eu:443
2023-05-20 22:19:45,560 DEBUG:urllib3.connectionpool:https://transkribus.eu:443 "GET /processing/v1/processes/5025379 HTTP/1.1" 200 None
2023-05-20 22:19:45,563 DEBUG:urllib3.connectionpool:Starting new HTTPS connection (1): transkribus.eu:443
2023-05-20 22:19:45,694 DEBUG:urllib3.connectionpool:https://transkribus.eu:443 "GET /processing/v1/processes/5025380 HTTP/1.1" 200 None
2023-05-20 22:19:45,698 DEBUG:urllib3.connectionpool:Starting new HTTPS connection (1): transkribus.eu:443
2023-05-20 22:19:45,830 DEBUG:urllib3.connectionpool:https://transkribus.eu:443 "GET /processing/v1/processes/5025381 HTTP/1.1" 200 None
2023-05-20 22:19:45,834 DEBUG:urllib3.connectionpool:Starting new HTTPS connection (1): transkribus.eu:443
2023-05-20 22:19:45,967 DEBUG:urllib3.connectionpool:https://transkribus.eu:443 "GET /processing/v1/processes/5025382 HTTP/1.1" 200 None
2023-05-20 22:19:45,970 DEBUG:urllib3.connectionpool:Starting new HTTPS connection (1): transkribus.eu:443
2023-05-20 22:19:46,100 DEBUG:urllib3.connectionpool:https://transkribus.eu:443 "GET /processing/v1/processes/5025383 HTTP/1.1" 200 None
2023-05-20 22:19:46,103 DEBUG:urllib3.connectionpool:Starting new HTTPS connection (1): transkribus.eu:443
2023-05-20 22:19:46,213 DEBUG:urllib3.connectionpool:https://transkribus.eu:443 "GET /processing/v1/processes/5025384 HTTP/1.1" 200 65
2023-05-20 22:19:46,216 DEBUG:urllib3.connectionpool:Starting new HTTPS connection (1): transkribus.eu:443
2023-05-20 22:19:46,346 DEBUG:urllib3.connectionpool:https://transkribus.eu:443 "GET /processing/v1/processes/5025385 HTTP/1.1" 200 None
2023-05-20 22:19:46,349 DEBUG:urllib3.connectionpool:Starting new HTTPS connection (1): transkribus.eu:443
2023-05-20 22:19:46,484 DEBUG:urllib3.connectionpool:https://transkribus.eu:443 "GET /processing/v1/processes/5025386 HTTP/1.1" 200 None
2023-05-20 22:19:46,487 DEBUG:urllib3.connectionpool:Starting new HTTPS connection (1): transkribus.eu:443
2023-05-20 22:19:46,663 DEBUG:urllib3.connectionpool:https://transkribus.eu:443 "GET /processing/v1/processes/5025387 HTTP/1.1" 200 None
2023-05-20 22:19:46,666 DEBUG:urllib3.connectionpool:Starting new HTTPS connection (1): transkribus.eu:443
2023-05-20 22:19:46,793 DEBUG:urllib3.connectionpool:https://transkribus.eu:443 "GET /processing/v1/processes/5025388 HTTP/1.1" 200 None
2023-05-20 22:19:46,796 DEBUG:urllib3.connectionpool:Starting new HTTPS connection (1): transkribus.eu:443
2023-05-20 22:19:46,924 DEBUG:urllib3.connectionpool:https://transkribus.eu:443 "GET /processing/v1/processes/5025389 HTTP/1.1" 200 None
2023-05-20 22:19:46,926 DEBUG:urllib3.connectionpool:Starting new HTTPS connection (1): transkribus.eu:443
2023-05-20 22:19:47,065 DEBUG:urllib3.connectionpool:https://transkribus.eu:443 "GET /processing/v1/processes/5025390 HTTP/1.1" 200 None
2023-05-20 22:19:47,068 DEBUG:urllib3.connectionpool:Starting new HTTPS connection (1): transkribus.eu:443
2023-05-20 22:19:47,201 DEBUG:urllib3.connectionpool:https://transkribus.eu:443 "GET /processing/v1/processes/5025391 HTTP/1.1" 200 None
2023-05-20 22:19:47,204 DEBUG:urllib3.connectionpool:Starting new HTTPS connection (1): transkribus.eu:443
2023-05-20 22:19:47,337 DEBUG:urllib3.connectionpool:https://transkribus.eu:443 "GET /processing/v1/processes/5025392 HTTP/1.1" 200 None
2023-05-20 22:19:47,340 DEBUG:urllib3.connectionpool:Starting new HTTPS connection (1): transkribus.eu:443
2023-05-20 22:19:47,492 DEBUG:urllib3.connectionpool:https://transkribus.eu:443 "GET /processing/v1/processes/5025393 HTTP/1.1" 200 None
2023-05-20 22:19:47,495 DEBUG:urllib3.connectionpool:Starting new HTTPS connection (1): transkribus.eu:443
2023-05-20 22:19:47,605 DEBUG:urllib3.connectionpool:https://transkribus.eu:443 "GET /processing/v1/processes/5025394 HTTP/1.1" 200 65
2023-05-20 22:19:47,608 DEBUG:urllib3.connectionpool:Starting new HTTPS connection (1): transkribus.eu:443
2023-05-20 22:19:47,738 DEBUG:urllib3.connectionpool:https://transkribus.eu:443 "GET /processing/v1/processes/5025395 HTTP/1.1" 200 None
2023-05-20 22:19:47,740 DEBUG:urllib3.connectionpool:Starting new HTTPS connection (1): transkribus.eu:443
2023-05-20 22:19:47,869 DEBUG:urllib3.connectionpool:https://transkribus.eu:443 "GET /processing/v1/processes/5025396 HTTP/1.1" 200 None
2023-05-20 22:19:47,872 DEBUG:urllib3.connectionpool:Starting new HTTPS connection (1): transkribus.eu:443
2023-05-20 22:19:47,996 DEBUG:urllib3.connectionpool:https://transkribus.eu:443 "GET /processing/v1/processes/5025397 HTTP/1.1" 200 None
2023-05-20 22:19:47,999 DEBUG:urllib3.connectionpool:Starting new HTTPS connection (1): transkribus.eu:443
2023-05-20 22:19:48,127 DEBUG:urllib3.connectionpool:https://transkribus.eu:443 "GET /processing/v1/processes/5025398 HTTP/1.1" 200 None
2023-05-20 22:19:48,130 DEBUG:urllib3.connectionpool:Starting new HTTPS connection (1): transkribus.eu:443
2023-05-20 22:19:48,259 DEBUG:urllib3.connectionpool:https://transkribus.eu:443 "GET /processing/v1/processes/5025399 HTTP/1.1" 200 None
2023-05-20 22:19:48,262 DEBUG:urllib3.connectionpool:Starting new HTTPS connection (1): transkribus.eu:443
2023-05-20 22:19:48,389 DEBUG:urllib3.connectionpool:https://transkribus.eu:443 "GET /processing/v1/processes/5025400 HTTP/1.1" 200 None
2023-05-20 22:19:48,391 DEBUG:urllib3.connectionpool:Starting new HTTPS connection (1): transkribus.eu:443
2023-05-20 22:19:48,515 DEBUG:urllib3.connectionpool:https://transkribus.eu:443 "GET /processing/v1/processes/5025401 HTTP/1.1" 200 1659
2023-05-20 22:19:48,518 DEBUG:urllib3.connectionpool:Starting new HTTPS connection (1): transkribus.eu:443
2023-05-20 22:19:48,645 DEBUG:urllib3.connectionpool:https://transkribus.eu:443 "GET /processing/v1/processes/5025402 HTTP/1.1" 200 1171
2023-05-20 22:19:48,647 DEBUG:urllib3.connectionpool:Starting new HTTPS connection (1): transkribus.eu:443
2023-05-20 22:19:48,772 DEBUG:urllib3.connectionpool:https://transkribus.eu:443 "GET /processing/v1/processes/5025403 HTTP/1.1" 200 981
2023-05-20 22:19:48,774 DEBUG:urllib3.connectionpool:Starting new HTTPS connection (1): transkribus.eu:443
2023-05-20 22:19:48,898 DEBUG:urllib3.connectionpool:https://transkribus.eu:443 "GET /processing/v1/processes/5025404 HTTP/1.1" 200 None
2023-05-20 22:19:48,900 DEBUG:urllib3.connectionpool:Starting new HTTPS connection (1): transkribus.eu:443
2023-05-20 22:19:49,023 DEBUG:urllib3.connectionpool:https://transkribus.eu:443 "GET /processing/v1/processes/5025405 HTTP/1.1" 200 None
2023-05-20 22:19:49,025 DEBUG:urllib3.connectionpool:Starting new HTTPS connection (1): transkribus.eu:443
2023-05-20 22:19:49,142 DEBUG:urllib3.connectionpool:https://transkribus.eu:443 "GET /processing/v1/processes/5025406 HTTP/1.1" 200 65
2023-05-20 22:19:49,144 DEBUG:urllib3.connectionpool:Starting new HTTPS connection (1): transkribus.eu:443
2023-05-20 22:19:49,266 DEBUG:urllib3.connectionpool:https://transkribus.eu:443 "GET /processing/v1/processes/5025407 HTTP/1.1" 200 106
2023-05-20 22:19:49,268 DEBUG:urllib3.connectionpool:Starting new HTTPS connection (1): transkribus.eu:443
2023-05-20 22:19:49,389 DEBUG:urllib3.connectionpool:https://transkribus.eu:443 "GET /processing/v1/processes/5025408 HTTP/1.1" 200 268
2023-05-20 22:19:49,392 DEBUG:urllib3.connectionpool:Starting new HTTPS connection (1): transkribus.eu:443
2023-05-20 22:19:49,516 DEBUG:urllib3.connectionpool:https://transkribus.eu:443 "GET /processing/v1/processes/5025409 HTTP/1.1" 200 1063
2023-05-20 22:19:49,519 DEBUG:urllib3.connectionpool:Starting new HTTPS connection (1): transkribus.eu:443
2023-05-20 22:19:49,642 DEBUG:urllib3.connectionpool:https://transkribus.eu:443 "GET /processing/v1/processes/5025410 HTTP/1.1" 200 1217
2023-05-20 22:19:49,644 DEBUG:urllib3.connectionpool:Starting new HTTPS connection (1): transkribus.eu:443
2023-05-20 22:19:49,769 DEBUG:urllib3.connectionpool:https://transkribus.eu:443 "GET /processing/v1/processes/5025411 HTTP/1.1" 200 None
2023-05-20 22:19:49,771 DEBUG:urllib3.connectionpool:Starting new HTTPS connection (1): transkribus.eu:443
2023-05-20 22:19:49,893 DEBUG:urllib3.connectionpool:https://transkribus.eu:443 "GET /processing/v1/processes/5025412 HTTP/1.1" 200 1209
2023-05-20 22:19:49,895 DEBUG:urllib3.connectionpool:Starting new HTTPS connection (1): transkribus.eu:443
2023-05-20 22:19:50,018 DEBUG:urllib3.connectionpool:https://transkribus.eu:443 "GET /processing/v1/processes/5025413 HTTP/1.1" 200 1159
2023-05-20 22:19:50,020 DEBUG:urllib3.connectionpool:Starting new HTTPS connection (1): transkribus.eu:443
2023-05-20 22:19:50,143 DEBUG:urllib3.connectionpool:https://transkribus.eu:443 "GET /processing/v1/processes/5025414 HTTP/1.1" 200 106
2023-05-20 22:19:50,145 DEBUG:urllib3.connectionpool:Starting new HTTPS connection (1): transkribus.eu:443
2023-05-20 22:19:50,270 DEBUG:urllib3.connectionpool:https://transkribus.eu:443 "GET /processing/v1/processes/5025415 HTTP/1.1" 200 1022
2023-05-20 22:19:50,272 DEBUG:urllib3.connectionpool:Starting new HTTPS connection (1): transkribus.eu:443
2023-05-20 22:19:50,406 DEBUG:urllib3.connectionpool:https://transkribus.eu:443 "GET /processing/v1/processes/5025416 HTTP/1.1" 200 106
2023-05-20 22:19:50,408 DEBUG:urllib3.connectionpool:Starting new HTTPS connection (1): transkribus.eu:443
2023-05-20 22:19:50,538 DEBUG:urllib3.connectionpool:https://transkribus.eu:443 "GET /processing/v1/processes/5025417 HTTP/1.1" 200 None
2023-05-20 22:19:50,541 DEBUG:urllib3.connectionpool:Starting new HTTPS connection (1): transkribus.eu:443
2023-05-20 22:19:50,667 DEBUG:urllib3.connectionpool:https://transkribus.eu:443 "GET /processing/v1/processes/5025418 HTTP/1.1" 200 None
2023-05-20 22:19:50,669 DEBUG:urllib3.connectionpool:Starting new HTTPS connection (1): transkribus.eu:443
2023-05-20 22:19:50,795 DEBUG:urllib3.connectionpool:https://transkribus.eu:443 "GET /processing/v1/processes/5025419 HTTP/1.1" 200 None
2023-05-20 22:19:50,798 DEBUG:urllib3.connectionpool:Starting new HTTPS connection (1): transkribus.eu:443
2023-05-20 22:19:50,922 DEBUG:urllib3.connectionpool:https://transkribus.eu:443 "GET /processing/v1/processes/5025420 HTTP/1.1" 200 896
2023-05-20 22:19:50,924 DEBUG:urllib3.connectionpool:Starting new HTTPS connection (1): transkribus.eu:443
2023-05-20 22:19:51,050 DEBUG:urllib3.connectionpool:https://transkribus.eu:443 "GET /processing/v1/processes/5025421 HTTP/1.1" 200 None
2023-05-20 22:19:51,052 DEBUG:urllib3.connectionpool:Starting new HTTPS connection (1): transkribus.eu:443
2023-05-20 22:19:51,180 DEBUG:urllib3.connectionpool:https://transkribus.eu:443 "GET /processing/v1/processes/5025422 HTTP/1.1" 200 None
2023-05-20 22:19:51,183 DEBUG:urllib3.connectionpool:Starting new HTTPS connection (1): transkribus.eu:443
2023-05-20 22:19:51,311 DEBUG:urllib3.connectionpool:https://transkribus.eu:443 "GET /processing/v1/processes/5025423 HTTP/1.1" 200 None
2023-05-20 22:19:51,314 DEBUG:urllib3.connectionpool:Starting new HTTPS connection (1): transkribus.eu:443
2023-05-20 22:19:51,443 DEBUG:urllib3.connectionpool:https://transkribus.eu:443 "GET /processing/v1/processes/5025424 HTTP/1.1" 200 None
2023-05-20 22:19:51,446 DEBUG:urllib3.connectionpool:Starting new HTTPS connection (1): transkribus.eu:443
2023-05-20 22:19:51,578 DEBUG:urllib3.connectionpool:https://transkribus.eu:443 "GET /processing/v1/processes/5025425 HTTP/1.1" 200 1274
2023-05-20 22:19:51,581 DEBUG:urllib3.connectionpool:Starting new HTTPS connection (1): transkribus.eu:443
2023-05-20 22:19:51,711 DEBUG:urllib3.connectionpool:https://transkribus.eu:443 "GET /processing/v1/processes/5025426 HTTP/1.1" 200 None
2023-05-20 22:19:51,714 DEBUG:urllib3.connectionpool:Starting new HTTPS connection (1): transkribus.eu:443
2023-05-20 22:19:51,842 DEBUG:urllib3.connectionpool:https://transkribus.eu:443 "GET /processing/v1/processes/5025427 HTTP/1.1" 200 None
2023-05-20 22:19:51,844 DEBUG:urllib3.connectionpool:Starting new HTTPS connection (1): transkribus.eu:443
2023-05-20 22:19:51,968 DEBUG:urllib3.connectionpool:https://transkribus.eu:443 "GET /processing/v1/processes/5025428 HTTP/1.1" 200 None
2023-05-20 22:19:51,971 DEBUG:urllib3.connectionpool:Starting new HTTPS connection (1): transkribus.eu:443
2023-05-20 22:19:52,091 DEBUG:urllib3.connectionpool:https://transkribus.eu:443 "GET /processing/v1/processes/5025429 HTTP/1.1" 200 305
2023-05-20 22:19:52,094 DEBUG:urllib3.connectionpool:Starting new HTTPS connection (1): transkribus.eu:443
2023-05-20 22:19:52,215 DEBUG:urllib3.connectionpool:https://transkribus.eu:443 "GET /processing/v1/processes/5025430 HTTP/1.1" 200 106
2023-05-20 22:19:52,217 DEBUG:urllib3.connectionpool:Starting new HTTPS connection (1): transkribus.eu:443
2023-05-20 22:19:52,327 DEBUG:urllib3.connectionpool:https://transkribus.eu:443 "GET /processing/v1/processes/5025431 HTTP/1.1" 200 65
2023-05-20 22:19:52,329 DEBUG:urllib3.connectionpool:Starting new HTTPS connection (1): transkribus.eu:443
2023-05-20 22:19:52,507 DEBUG:urllib3.connectionpool:https://transkribus.eu:443 "GET /processing/v1/processes/5025432 HTTP/1.1" 200 106
2023-05-20 22:19:52,509 DEBUG:urllib3.connectionpool:Starting new HTTPS connection (1): transkribus.eu:443
2023-05-20 22:19:52,635 DEBUG:urllib3.connectionpool:https://transkribus.eu:443 "GET /processing/v1/processes/5025433 HTTP/1.1" 200 106
2023-05-20 22:19:52,637 DEBUG:urllib3.connectionpool:Starting new HTTPS connection (1): transkribus.eu:443
2023-05-20 22:19:52,802 DEBUG:urllib3.connectionpool:https://transkribus.eu:443 "GET /processing/v1/processes/5025434 HTTP/1.1" 200 106
2023-05-20 22:19:52,804 DEBUG:urllib3.connectionpool:Starting new HTTPS connection (1): transkribus.eu:443
2023-05-20 22:19:52,928 DEBUG:urllib3.connectionpool:https://transkribus.eu:443 "GET /processing/v1/processes/5025435 HTTP/1.1" 200 846
2023-05-20 22:19:52,930 DEBUG:urllib3.connectionpool:Starting new HTTPS connection (1): transkribus.eu:443
2023-05-20 22:19:53,058 DEBUG:urllib3.connectionpool:https://transkribus.eu:443 "GET /processing/v1/processes/5025436 HTTP/1.1" 200 None
2023-05-20 22:19:53,061 DEBUG:urllib3.connectionpool:Starting new HTTPS connection (1): transkribus.eu:443
2023-05-20 22:19:53,184 DEBUG:urllib3.connectionpool:https://transkribus.eu:443 "GET /processing/v1/processes/5025437 HTTP/1.1" 200 770
2023-05-20 22:19:53,187 DEBUG:urllib3.connectionpool:Starting new HTTPS connection (1): transkribus.eu:443
2023-05-20 22:19:53,312 DEBUG:urllib3.connectionpool:https://transkribus.eu:443 "GET /processing/v1/processes/5025439 HTTP/1.1" 200 None
2023-05-20 22:19:53,315 DEBUG:urllib3.connectionpool:Starting new HTTPS connection (1): transkribus.eu:443
2023-05-20 22:19:53,438 DEBUG:urllib3.connectionpool:https://transkribus.eu:443 "GET /processing/v1/processes/5025440 HTTP/1.1" 200 106
2023-05-20 22:19:53,440 DEBUG:urllib3.connectionpool:Starting new HTTPS connection (1): transkribus.eu:443
2023-05-20 22:19:53,592 DEBUG:urllib3.connectionpool:https://transkribus.eu:443 "GET /processing/v1/processes/5025441 HTTP/1.1" 200 1740
2023-05-20 22:19:53,595 DEBUG:urllib3.connectionpool:Starting new HTTPS connection (1): transkribus.eu:443
2023-05-20 22:19:53,728 DEBUG:urllib3.connectionpool:https://transkribus.eu:443 "GET /processing/v1/processes/5025442 HTTP/1.1" 200 None
2023-05-20 22:19:53,731 DEBUG:urllib3.connectionpool:Starting new HTTPS connection (1): transkribus.eu:443
2023-05-20 22:19:53,859 DEBUG:urllib3.connectionpool:https://transkribus.eu:443 "GET /processing/v1/processes/5025443 HTTP/1.1" 200 554
2023-05-20 22:19:53,861 DEBUG:urllib3.connectionpool:Starting new HTTPS connection (1): transkribus.eu:443
2023-05-20 22:19:53,988 DEBUG:urllib3.connectionpool:https://transkribus.eu:443 "GET /processing/v1/processes/5025444 HTTP/1.1" 200 1287
2023-05-20 22:19:53,990 DEBUG:urllib3.connectionpool:Starting new HTTPS connection (1): transkribus.eu:443
2023-05-20 22:19:54,122 DEBUG:urllib3.connectionpool:https://transkribus.eu:443 "GET /processing/v1/processes/5025445 HTTP/1.1" 200 1890
2023-05-20 22:19:54,124 DEBUG:urllib3.connectionpool:Starting new HTTPS connection (1): transkribus.eu:443
2023-05-20 22:19:54,251 DEBUG:urllib3.connectionpool:https://transkribus.eu:443 "GET /processing/v1/processes/5025446 HTTP/1.1" 200 1234
2023-05-20 22:19:54,253 DEBUG:urllib3.connectionpool:Starting new HTTPS connection (1): transkribus.eu:443
2023-05-20 22:19:54,375 DEBUG:urllib3.connectionpool:https://transkribus.eu:443 "GET /processing/v1/processes/5025448 HTTP/1.1" 200 486
2023-05-20 22:19:54,377 DEBUG:urllib3.connectionpool:Starting new HTTPS connection (1): transkribus.eu:443
2023-05-20 22:19:54,507 DEBUG:urllib3.connectionpool:https://transkribus.eu:443 "GET /processing/v1/processes/5025449 HTTP/1.1" 200 1839
2023-05-20 22:19:54,510 DEBUG:urllib3.connectionpool:Starting new HTTPS connection (1): transkribus.eu:443
2023-05-20 22:19:54,643 DEBUG:urllib3.connectionpool:https://transkribus.eu:443 "GET /processing/v1/processes/5025450 HTTP/1.1" 200 880
2023-05-20 22:19:54,646 DEBUG:urllib3.connectionpool:Starting new HTTPS connection (1): transkribus.eu:443
2023-05-20 22:19:54,772 DEBUG:urllib3.connectionpool:https://transkribus.eu:443 "GET /processing/v1/processes/5025451 HTTP/1.1" 200 106
2023-05-20 22:19:54,774 DEBUG:urllib3.connectionpool:Starting new HTTPS connection (1): transkribus.eu:443
2023-05-20 22:19:54,897 DEBUG:urllib3.connectionpool:https://transkribus.eu:443 "GET /processing/v1/processes/5025452 HTTP/1.1" 200 106
2023-05-20 22:19:54,899 DEBUG:urllib3.connectionpool:Starting new HTTPS connection (1): transkribus.eu:443
2023-05-20 22:19:55,021 DEBUG:urllib3.connectionpool:https://transkribus.eu:443 "GET /processing/v1/processes/5025453 HTTP/1.1" 200 282
2023-05-20 22:19:55,024 DEBUG:urllib3.connectionpool:Starting new HTTPS connection (1): transkribus.eu:443
2023-05-20 22:19:55,148 DEBUG:urllib3.connectionpool:https://transkribus.eu:443 "GET /processing/v1/processes/5025454 HTTP/1.1" 200 1282
2023-05-20 22:19:55,150 DEBUG:urllib3.connectionpool:Starting new HTTPS connection (1): transkribus.eu:443
2023-05-20 22:19:55,276 DEBUG:urllib3.connectionpool:https://transkribus.eu:443 "GET /processing/v1/processes/5025455 HTTP/1.1" 200 106
2023-05-20 22:19:55,278 DEBUG:urllib3.connectionpool:Starting new HTTPS connection (1): transkribus.eu:443
2023-05-20 22:19:55,404 DEBUG:urllib3.connectionpool:https://transkribus.eu:443 "GET /processing/v1/processes/5025456 HTTP/1.1" 200 106
2023-05-20 22:19:55,407 DEBUG:urllib3.connectionpool:Starting new HTTPS connection (1): transkribus.eu:443
2023-05-20 22:19:56,490 DEBUG:urllib3.connectionpool:https://transkribus.eu:443 "GET /processing/v1/processes/5025457 HTTP/1.1" 200 106
2023-05-20 22:19:56,493 DEBUG:urllib3.connectionpool:Starting new HTTPS connection (1): transkribus.eu:443
2023-05-20 22:19:56,615 DEBUG:urllib3.connectionpool:https://transkribus.eu:443 "GET /processing/v1/processes/5025458 HTTP/1.1" 200 106
2023-05-20 22:19:56,618 DEBUG:urllib3.connectionpool:Starting new HTTPS connection (1): transkribus.eu:443
2023-05-20 22:19:56,743 DEBUG:urllib3.connectionpool:https://transkribus.eu:443 "GET /processing/v1/processes/5025459 HTTP/1.1" 200 106
2023-05-20 22:19:56,746 DEBUG:urllib3.connectionpool:Starting new HTTPS connection (1): transkribus.eu:443
2023-05-20 22:19:56,878 DEBUG:urllib3.connectionpool:https://transkribus.eu:443 "GET /processing/v1/processes/5025460 HTTP/1.1" 200 342
2023-05-20 22:19:56,880 DEBUG:urllib3.connectionpool:Starting new HTTPS connection (1): transkribus.eu:443
2023-05-20 22:19:57,016 DEBUG:urllib3.connectionpool:https://transkribus.eu:443 "GET /processing/v1/processes/5025461 HTTP/1.1" 200 2018
2023-05-20 22:19:57,019 DEBUG:urllib3.connectionpool:Starting new HTTPS connection (1): transkribus.eu:443
2023-05-20 22:19:57,141 DEBUG:urllib3.connectionpool:https://transkribus.eu:443 "GET /processing/v1/processes/5025462 HTTP/1.1" 200 106
2023-05-20 22:19:57,143 DEBUG:urllib3.connectionpool:Starting new HTTPS connection (1): transkribus.eu:443
2023-05-20 22:19:57,268 DEBUG:urllib3.connectionpool:https://transkribus.eu:443 "GET /processing/v1/processes/5025463 HTTP/1.1" 200 1554
2023-05-20 22:19:57,270 DEBUG:urllib3.connectionpool:Starting new HTTPS connection (1): transkribus.eu:443
2023-05-20 22:19:57,497 DEBUG:urllib3.connectionpool:https://transkribus.eu:443 "GET /processing/v1/processes/5025464 HTTP/1.1" 200 1321
2023-05-20 22:19:57,499 DEBUG:urllib3.connectionpool:Starting new HTTPS connection (1): transkribus.eu:443
2023-05-20 22:19:57,627 DEBUG:urllib3.connectionpool:https://transkribus.eu:443 "GET /processing/v1/processes/5025465 HTTP/1.1" 200 1162
2023-05-20 22:19:57,629 DEBUG:urllib3.connectionpool:Starting new HTTPS connection (1): transkribus.eu:443
2023-05-20 22:19:57,760 DEBUG:urllib3.connectionpool:https://transkribus.eu:443 "GET /processing/v1/processes/5025466 HTTP/1.1" 200 1588
2023-05-20 22:19:57,763 DEBUG:urllib3.connectionpool:Starting new HTTPS connection (1): transkribus.eu:443
2023-05-20 22:19:57,891 DEBUG:urllib3.connectionpool:https://transkribus.eu:443 "GET /processing/v1/processes/5025467 HTTP/1.1" 200 1453
2023-05-20 22:19:57,894 DEBUG:urllib3.connectionpool:Starting new HTTPS connection (1): transkribus.eu:443
2023-05-20 22:19:58,015 DEBUG:urllib3.connectionpool:https://transkribus.eu:443 "GET /processing/v1/processes/5025468 HTTP/1.1" 200 106
2023-05-20 22:19:58,017 DEBUG:urllib3.connectionpool:Starting new HTTPS connection (1): transkribus.eu:443
2023-05-20 22:19:58,141 DEBUG:urllib3.connectionpool:https://transkribus.eu:443 "GET /processing/v1/processes/5025469 HTTP/1.1" 200 362
2023-05-20 22:19:58,143 DEBUG:urllib3.connectionpool:Starting new HTTPS connection (1): transkribus.eu:443
2023-05-20 22:19:58,266 DEBUG:urllib3.connectionpool:https://transkribus.eu:443 "GET /processing/v1/processes/5025470 HTTP/1.1" 200 106
2023-05-20 22:19:58,269 DEBUG:urllib3.connectionpool:Starting new HTTPS connection (1): transkribus.eu:443
2023-05-20 22:19:58,396 DEBUG:urllib3.connectionpool:https://transkribus.eu:443 "GET /processing/v1/processes/5025471 HTTP/1.1" 200 106
2023-05-20 22:19:58,398 DEBUG:urllib3.connectionpool:Starting new HTTPS connection (1): transkribus.eu:443
2023-05-20 22:19:58,518 DEBUG:urllib3.connectionpool:https://transkribus.eu:443 "GET /processing/v1/processes/5025472 HTTP/1.1" 200 106
2023-05-20 22:19:58,521 DEBUG:urllib3.connectionpool:Starting new HTTPS connection (1): transkribus.eu:443
2023-05-20 22:19:58,629 DEBUG:urllib3.connectionpool:https://transkribus.eu:443 "GET /processing/v1/processes/5025473 HTTP/1.1" 200 65
2023-05-20 22:19:58,632 DEBUG:urllib3.connectionpool:Starting new HTTPS connection (1): transkribus.eu:443
2023-05-20 22:19:58,757 DEBUG:urllib3.connectionpool:https://transkribus.eu:443 "GET /processing/v1/processes/5025474 HTTP/1.1" 200 1896
2023-05-20 22:19:58,760 DEBUG:urllib3.connectionpool:Starting new HTTPS connection (1): transkribus.eu:443
2023-05-20 22:19:58,885 DEBUG:urllib3.connectionpool:https://transkribus.eu:443 "GET /processing/v1/processes/5025475 HTTP/1.1" 200 1313
2023-05-20 22:19:58,888 DEBUG:urllib3.connectionpool:Starting new HTTPS connection (1): transkribus.eu:443
2023-05-20 22:19:59,016 DEBUG:urllib3.connectionpool:https://transkribus.eu:443 "GET /processing/v1/processes/5025476 HTTP/1.1" 200 303
2023-05-20 22:19:59,018 DEBUG:urllib3.connectionpool:Starting new HTTPS connection (1): transkribus.eu:443
2023-05-20 22:19:59,143 DEBUG:urllib3.connectionpool:https://transkribus.eu:443 "GET /processing/v1/processes/5025477 HTTP/1.1" 200 611
2023-05-20 22:19:59,145 DEBUG:urllib3.connectionpool:Starting new HTTPS connection (1): transkribus.eu:443
2023-05-20 22:19:59,272 DEBUG:urllib3.connectionpool:https://transkribus.eu:443 "GET /processing/v1/processes/5025479 HTTP/1.1" 200 829
2023-05-20 22:19:59,274 DEBUG:urllib3.connectionpool:Starting new HTTPS connection (1): transkribus.eu:443
2023-05-20 22:19:59,428 DEBUG:urllib3.connectionpool:https://transkribus.eu:443 "GET /processing/v1/processes/5025480 HTTP/1.1" 200 None
2023-05-20 22:19:59,430 DEBUG:urllib3.connectionpool:Starting new HTTPS connection (1): transkribus.eu:443
2023-05-20 22:19:59,567 DEBUG:urllib3.connectionpool:https://transkribus.eu:443 "GET /processing/v1/processes/5025481 HTTP/1.1" 200 None
2023-05-20 22:19:59,571 DEBUG:urllib3.connectionpool:Starting new HTTPS connection (1): transkribus.eu:443
2023-05-20 22:19:59,710 DEBUG:urllib3.connectionpool:https://transkribus.eu:443 "GET /processing/v1/processes/5025482 HTTP/1.1" 200 None
2023-05-20 22:19:59,716 DEBUG:urllib3.connectionpool:Starting new HTTPS connection (1): transkribus.eu:443
2023-05-20 22:19:59,841 DEBUG:urllib3.connectionpool:https://transkribus.eu:443 "GET /processing/v1/processes/5025483 HTTP/1.1" 200 1104
2023-05-20 22:19:59,843 DEBUG:urllib3.connectionpool:Starting new HTTPS connection (1): transkribus.eu:443
2023-05-20 22:19:59,972 DEBUG:urllib3.connectionpool:https://transkribus.eu:443 "GET /processing/v1/processes/5025484 HTTP/1.1" 200 None
2023-05-20 22:19:59,975 DEBUG:urllib3.connectionpool:Starting new HTTPS connection (1): transkribus.eu:443
2023-05-20 22:20:00,107 DEBUG:urllib3.connectionpool:https://transkribus.eu:443 "GET /processing/v1/processes/5025485 HTTP/1.1" 200 None
2023-05-20 22:20:00,110 DEBUG:urllib3.connectionpool:Starting new HTTPS connection (1): transkribus.eu:443
2023-05-20 22:20:00,251 DEBUG:urllib3.connectionpool:https://transkribus.eu:443 "GET /processing/v1/processes/5025486 HTTP/1.1" 200 None
2023-05-20 22:20:00,254 DEBUG:urllib3.connectionpool:Starting new HTTPS connection (1): transkribus.eu:443
2023-05-20 22:20:00,388 DEBUG:urllib3.connectionpool:https://transkribus.eu:443 "GET /processing/v1/processes/5025487 HTTP/1.1" 200 None
2023-05-20 22:20:00,391 DEBUG:urllib3.connectionpool:Starting new HTTPS connection (1): transkribus.eu:443
2023-05-20 22:20:00,519 DEBUG:urllib3.connectionpool:https://transkribus.eu:443 "GET /processing/v1/processes/5025488 HTTP/1.1" 200 925
2023-05-20 22:20:00,522 DEBUG:urllib3.connectionpool:Starting new HTTPS connection (1): transkribus.eu:443
2023-05-20 22:20:00,648 DEBUG:urllib3.connectionpool:https://transkribus.eu:443 "GET /processing/v1/processes/5025489 HTTP/1.1" 200 904
2023-05-20 22:20:00,651 DEBUG:urllib3.connectionpool:Starting new HTTPS connection (1): transkribus.eu:443
2023-05-20 22:20:00,780 DEBUG:urllib3.connectionpool:https://transkribus.eu:443 "GET /processing/v1/processes/5025490 HTTP/1.1" 200 None
2023-05-20 22:20:00,782 DEBUG:urllib3.connectionpool:Starting new HTTPS connection (1): transkribus.eu:443
2023-05-20 22:20:00,914 DEBUG:urllib3.connectionpool:https://transkribus.eu:443 "GET /processing/v1/processes/5025491 HTTP/1.1" 200 1852
2023-05-20 22:20:00,916 DEBUG:urllib3.connectionpool:Starting new HTTPS connection (1): transkribus.eu:443
2023-05-20 22:20:01,046 DEBUG:urllib3.connectionpool:https://transkribus.eu:443 "GET /processing/v1/processes/5025492 HTTP/1.1" 200 607
2023-05-20 22:20:01,048 DEBUG:urllib3.connectionpool:Starting new HTTPS connection (1): transkribus.eu:443
2023-05-20 22:20:01,174 DEBUG:urllib3.connectionpool:https://transkribus.eu:443 "GET /processing/v1/processes/5025493 HTTP/1.1" 200 1739
2023-05-20 22:20:01,177 DEBUG:urllib3.connectionpool:Starting new HTTPS connection (1): transkribus.eu:443
2023-05-20 22:20:01,304 DEBUG:urllib3.connectionpool:https://transkribus.eu:443 "GET /processing/v1/processes/5025494 HTTP/1.1" 200 995
2023-05-20 22:20:01,534 INFO:root:Download JSON file saved to download_20230520-222001.json.
2023-05-20 22:20:01,534 INFO:root:Finished Client.download.
