2023-05-20 21:58:56,968 INFO:root:Started Client.
2023-05-20 21:58:56,970 DEBUG:urllib3.connectionpool:Starting new HTTPS connection (1): account.readcoop.eu:443
2023-05-20 21:58:57,138 DEBUG:urllib3.connectionpool:https://account.readcoop.eu:443 "POST /auth/realms/readcoop/protocol/openid-connect/token HTTP/1.1" 200 2437
2023-05-20 21:58:57,140 INFO:root:Started Client().process_tropy(tropy_file_path=C:\Users\Max\PycharmProjects\metagrapho-tropy/test/sample_input.json, tropy_save_path=None), mapping_save_path=None), item_type=Foto), item_tag=None), line_model_id=49272), atr_model_id=39995), lowest_common_dir=None).
2023-05-20 21:58:57,180 DEBUG:urllib3.connectionpool:Starting new HTTPS connection (1): transkribus.eu:443
2023-05-20 21:58:57,699 DEBUG:urllib3.connectionpool:https://transkribus.eu:443 "POST /processing/v1/processes HTTP/1.1" 200 66
2023-05-20 21:58:57,700 INFO:root:Item B0340 image 1 has process ID 5025238.
2023-05-20 21:58:57,701 INFO:root:Item B0340 processed.
2023-05-20 21:58:57,705 DEBUG:urllib3.connectionpool:Starting new HTTPS connection (1): transkribus.eu:443
2023-05-20 21:58:58,148 DEBUG:urllib3.connectionpool:https://transkribus.eu:443 "POST /processing/v1/processes HTTP/1.1" 200 66
2023-05-20 21:58:58,149 INFO:root:Item F0001 image 1 has process ID 5025239.
2023-05-20 21:58:58,150 INFO:root:Item F0001 processed.
2023-05-20 21:58:58,162 DEBUG:urllib3.connectionpool:Starting new HTTPS connection (1): transkribus.eu:443
2023-05-20 21:58:58,957 DEBUG:urllib3.connectionpool:https://transkribus.eu:443 "POST /processing/v1/processes HTTP/1.1" 200 66
2023-05-20 21:58:58,958 INFO:root:Item F0002 image 1 has process ID 5025240.
2023-05-20 21:58:58,959 INFO:root:Item F0002 processed.
2023-05-20 21:58:58,968 DEBUG:urllib3.connectionpool:Starting new HTTPS connection (1): transkribus.eu:443
2023-05-20 21:58:59,479 DEBUG:urllib3.connectionpool:https://transkribus.eu:443 "POST /processing/v1/processes HTTP/1.1" 200 66
2023-05-20 21:58:59,479 INFO:root:Item F0003 image 1 has process ID 5025241.
2023-05-20 21:58:59,480 INFO:root:Item F0003 processed.
2023-05-20 21:58:59,490 DEBUG:urllib3.connectionpool:Starting new HTTPS connection (1): transkribus.eu:443
2023-05-20 21:59:00,265 DEBUG:urllib3.connectionpool:https://transkribus.eu:443 "POST /processing/v1/processes HTTP/1.1" 200 66
2023-05-20 21:59:00,265 INFO:root:Item F0004 image 1 has process ID 5025242.
2023-05-20 21:59:00,267 INFO:root:Item F0004 processed.
2023-05-20 21:59:00,277 DEBUG:urllib3.connectionpool:Starting new HTTPS connection (1): transkribus.eu:443
2023-05-20 21:59:01,072 DEBUG:urllib3.connectionpool:https://transkribus.eu:443 "POST /processing/v1/processes HTTP/1.1" 200 66
2023-05-20 21:59:01,072 INFO:root:Item F0005 image 1 has process ID 5025243.
2023-05-20 21:59:01,073 INFO:root:Item F0005 processed.
2023-05-20 21:59:01,082 DEBUG:urllib3.connectionpool:Starting new HTTPS connection (1): transkribus.eu:443
2023-05-20 21:59:01,913 DEBUG:urllib3.connectionpool:https://transkribus.eu:443 "POST /processing/v1/processes HTTP/1.1" 200 66
2023-05-20 21:59:01,914 INFO:root:Item F0006 image 1 has process ID 5025244.
2023-05-20 21:59:01,915 INFO:root:Item F0006 processed.
2023-05-20 21:59:01,922 DEBUG:urllib3.connectionpool:Starting new HTTPS connection (1): transkribus.eu:443
2023-05-20 21:59:02,528 DEBUG:urllib3.connectionpool:https://transkribus.eu:443 "POST /processing/v1/processes HTTP/1.1" 200 66
2023-05-20 21:59:02,528 INFO:root:Item F0007 image 1 has process ID 5025245.
2023-05-20 21:59:02,529 INFO:root:Item F0007 processed.
2023-05-20 21:59:02,537 DEBUG:urllib3.connectionpool:Starting new HTTPS connection (1): transkribus.eu:443
2023-05-20 21:59:03,191 DEBUG:urllib3.connectionpool:https://transkribus.eu:443 "POST /processing/v1/processes HTTP/1.1" 200 66
2023-05-20 21:59:03,192 INFO:root:Item F0008 image 1 has process ID 5025246.
2023-05-20 21:59:03,193 INFO:root:Item F0008 processed.
2023-05-20 21:59:03,198 DEBUG:urllib3.connectionpool:Starting new HTTPS connection (1): transkribus.eu:443
2023-05-20 21:59:03,680 DEBUG:urllib3.connectionpool:https://transkribus.eu:443 "POST /processing/v1/processes HTTP/1.1" 200 66
2023-05-20 21:59:03,680 INFO:root:Item F0009 image 1 has process ID 5025247.
2023-05-20 21:59:03,682 INFO:root:Item F0009 processed.
2023-05-20 21:59:03,687 DEBUG:urllib3.connectionpool:Starting new HTTPS connection (1): transkribus.eu:443
2023-05-20 21:59:04,150 DEBUG:urllib3.connectionpool:https://transkribus.eu:443 "POST /processing/v1/processes HTTP/1.1" 200 66
2023-05-20 21:59:04,150 INFO:root:Item F0010 image 1 has process ID 5025248.
2023-05-20 21:59:04,152 INFO:root:Item F0010 processed.
2023-05-20 21:59:04,159 DEBUG:urllib3.connectionpool:Starting new HTTPS connection (1): transkribus.eu:443
2023-05-20 21:59:04,611 DEBUG:urllib3.connectionpool:https://transkribus.eu:443 "POST /processing/v1/processes HTTP/1.1" 200 66
2023-05-20 21:59:04,612 INFO:root:Item F0011 image 1 has process ID 5025249.
2023-05-20 21:59:04,613 INFO:root:Item F0011 processed.
2023-05-20 21:59:04,618 DEBUG:urllib3.connectionpool:Starting new HTTPS connection (1): transkribus.eu:443
2023-05-20 21:59:05,057 DEBUG:urllib3.connectionpool:https://transkribus.eu:443 "POST /processing/v1/processes HTTP/1.1" 200 66
2023-05-20 21:59:05,058 INFO:root:Item F0012 image 1 has process ID 5025250.
2023-05-20 21:59:05,059 INFO:root:Item F0012 processed.
2023-05-20 21:59:05,068 DEBUG:urllib3.connectionpool:Starting new HTTPS connection (1): transkribus.eu:443
2023-05-20 21:59:05,890 DEBUG:urllib3.connectionpool:https://transkribus.eu:443 "POST /processing/v1/processes HTTP/1.1" 200 66
2023-05-20 21:59:05,891 INFO:root:Item F0013 image 1 has process ID 5025251.
2023-05-20 21:59:05,892 INFO:root:Item F0013 processed.
2023-05-20 21:59:05,897 DEBUG:urllib3.connectionpool:Starting new HTTPS connection (1): transkribus.eu:443
2023-05-20 21:59:06,359 DEBUG:urllib3.connectionpool:https://transkribus.eu:443 "POST /processing/v1/processes HTTP/1.1" 200 65
2023-05-20 21:59:06,359 INFO:root:Item F0014 image 1 has process ID 5025252.
2023-05-20 21:59:06,361 INFO:root:Item F0014 processed.
2023-05-20 21:59:06,369 DEBUG:urllib3.connectionpool:Starting new HTTPS connection (1): transkribus.eu:443
2023-05-20 21:59:06,824 DEBUG:urllib3.connectionpool:https://transkribus.eu:443 "POST /processing/v1/processes HTTP/1.1" 200 66
2023-05-20 21:59:06,824 INFO:root:Item F0015 image 1 has process ID 5025253.
2023-05-20 21:59:06,826 INFO:root:Item F0015 processed.
2023-05-20 21:59:06,832 DEBUG:urllib3.connectionpool:Starting new HTTPS connection (1): transkribus.eu:443
2023-05-20 21:59:07,315 DEBUG:urllib3.connectionpool:https://transkribus.eu:443 "POST /processing/v1/processes HTTP/1.1" 200 66
2023-05-20 21:59:07,316 INFO:root:Item F0016 image 1 has process ID 5025254.
2023-05-20 21:59:07,317 INFO:root:Item F0016 processed.
2023-05-20 21:59:07,343 DEBUG:urllib3.connectionpool:Starting new HTTPS connection (1): transkribus.eu:443
2023-05-20 21:59:07,968 DEBUG:urllib3.connectionpool:https://transkribus.eu:443 "POST /processing/v1/processes HTTP/1.1" 200 66
2023-05-20 21:59:07,968 INFO:root:Item F0017 image 1 has process ID 5025255.
2023-05-20 21:59:07,970 INFO:root:Item F0017 processed.
2023-05-20 21:59:07,977 DEBUG:urllib3.connectionpool:Starting new HTTPS connection (1): transkribus.eu:443
2023-05-20 21:59:09,732 DEBUG:urllib3.connectionpool:https://transkribus.eu:443 "POST /processing/v1/processes HTTP/1.1" 200 66
2023-05-20 21:59:09,732 INFO:root:Item F0018 image 1 has process ID 5025257.
2023-05-20 21:59:09,734 INFO:root:Item F0018 processed.
2023-05-20 21:59:09,740 DEBUG:urllib3.connectionpool:Starting new HTTPS connection (1): transkribus.eu:443
2023-05-20 21:59:10,481 DEBUG:urllib3.connectionpool:https://transkribus.eu:443 "POST /processing/v1/processes HTTP/1.1" 200 66
2023-05-20 21:59:10,482 INFO:root:Item F0019 image 1 has process ID 5025258.
2023-05-20 21:59:10,483 INFO:root:Item F0019 processed.
2023-05-20 21:59:10,489 DEBUG:urllib3.connectionpool:Starting new HTTPS connection (1): transkribus.eu:443
2023-05-20 21:59:11,167 DEBUG:urllib3.connectionpool:https://transkribus.eu:443 "POST /processing/v1/processes HTTP/1.1" 200 66
2023-05-20 21:59:11,167 INFO:root:Item F0020 image 1 has process ID 5025259.
2023-05-20 21:59:11,169 INFO:root:Item F0020 processed.
2023-05-20 21:59:11,174 DEBUG:urllib3.connectionpool:Starting new HTTPS connection (1): transkribus.eu:443
2023-05-20 21:59:11,635 DEBUG:urllib3.connectionpool:https://transkribus.eu:443 "POST /processing/v1/processes HTTP/1.1" 200 66
2023-05-20 21:59:11,636 INFO:root:Item F0021 image 1 has process ID 5025260.
2023-05-20 21:59:11,637 INFO:root:Item F0021 processed.
2023-05-20 21:59:11,644 DEBUG:urllib3.connectionpool:Starting new HTTPS connection (1): transkribus.eu:443
2023-05-20 21:59:12,437 DEBUG:urllib3.connectionpool:https://transkribus.eu:443 "POST /processing/v1/processes HTTP/1.1" 200 66
2023-05-20 21:59:12,437 INFO:root:Item F0022 image 1 has process ID 5025261.
2023-05-20 21:59:12,439 INFO:root:Item F0022 processed.
2023-05-20 21:59:12,445 DEBUG:urllib3.connectionpool:Starting new HTTPS connection (1): transkribus.eu:443
2023-05-20 21:59:13,262 DEBUG:urllib3.connectionpool:https://transkribus.eu:443 "POST /processing/v1/processes HTTP/1.1" 200 66
2023-05-20 21:59:13,263 INFO:root:Item F0023 image 1 has process ID 5025262.
2023-05-20 21:59:13,264 INFO:root:Item F0023 processed.
2023-05-20 21:59:13,269 DEBUG:urllib3.connectionpool:Starting new HTTPS connection (1): transkribus.eu:443
2023-05-20 21:59:13,744 DEBUG:urllib3.connectionpool:https://transkribus.eu:443 "POST /processing/v1/processes HTTP/1.1" 200 66
2023-05-20 21:59:13,744 INFO:root:Item F0024 image 1 has process ID 5025263.
2023-05-20 21:59:13,746 INFO:root:Item F0024 processed.
2023-05-20 21:59:13,752 DEBUG:urllib3.connectionpool:Starting new HTTPS connection (1): transkribus.eu:443
2023-05-20 21:59:14,245 DEBUG:urllib3.connectionpool:https://transkribus.eu:443 "POST /processing/v1/processes HTTP/1.1" 200 66
2023-05-20 21:59:14,246 INFO:root:Item F0025 image 1 has process ID 5025265.
2023-05-20 21:59:14,247 INFO:root:Item F0025 processed.
2023-05-20 21:59:14,254 DEBUG:urllib3.connectionpool:Starting new HTTPS connection (1): transkribus.eu:443
2023-05-20 21:59:14,808 DEBUG:urllib3.connectionpool:https://transkribus.eu:443 "POST /processing/v1/processes HTTP/1.1" 200 66
2023-05-20 21:59:14,808 INFO:root:Item F0026 image 1 has process ID 5025266.
2023-05-20 21:59:14,810 INFO:root:Item F0026 processed.
2023-05-20 21:59:14,816 DEBUG:urllib3.connectionpool:Starting new HTTPS connection (1): transkribus.eu:443
2023-05-20 21:59:15,562 DEBUG:urllib3.connectionpool:https://transkribus.eu:443 "POST /processing/v1/processes HTTP/1.1" 200 66
2023-05-20 21:59:15,563 INFO:root:Item F0027 image 1 has process ID 5025267.
2023-05-20 21:59:15,564 INFO:root:Item F0027 processed.
2023-05-20 21:59:15,570 DEBUG:urllib3.connectionpool:Starting new HTTPS connection (1): transkribus.eu:443
2023-05-20 21:59:16,071 DEBUG:urllib3.connectionpool:https://transkribus.eu:443 "POST /processing/v1/processes HTTP/1.1" 200 66
2023-05-20 21:59:16,071 INFO:root:Item F0028 image 1 has process ID 5025268.
2023-05-20 21:59:16,073 INFO:root:Item F0028 processed.
2023-05-20 21:59:16,082 DEBUG:urllib3.connectionpool:Starting new HTTPS connection (1): transkribus.eu:443
2023-05-20 21:59:16,942 DEBUG:urllib3.connectionpool:https://transkribus.eu:443 "POST /processing/v1/processes HTTP/1.1" 200 66
2023-05-20 21:59:16,942 INFO:root:Item F0029 image 1 has process ID 5025269.
2023-05-20 21:59:16,943 INFO:root:Item F0029 processed.
2023-05-20 21:59:16,946 DEBUG:urllib3.connectionpool:Starting new HTTPS connection (1): transkribus.eu:443
2023-05-20 21:59:17,357 DEBUG:urllib3.connectionpool:https://transkribus.eu:443 "POST /processing/v1/processes HTTP/1.1" 200 66
2023-05-20 21:59:17,357 INFO:root:Item F0030 image 1 has process ID 5025270.
2023-05-20 21:59:17,358 INFO:root:Item F0030 processed.
2023-05-20 21:59:17,367 DEBUG:urllib3.connectionpool:Starting new HTTPS connection (1): transkribus.eu:443
2023-05-20 21:59:17,924 DEBUG:urllib3.connectionpool:https://transkribus.eu:443 "POST /processing/v1/processes HTTP/1.1" 200 66
2023-05-20 21:59:17,925 INFO:root:Item F0031 image 1 has process ID 5025271.
2023-05-20 21:59:17,926 INFO:root:Item F0031 processed.
2023-05-20 21:59:17,934 DEBUG:urllib3.connectionpool:Starting new HTTPS connection (1): transkribus.eu:443
2023-05-20 21:59:18,477 DEBUG:urllib3.connectionpool:https://transkribus.eu:443 "POST /processing/v1/processes HTTP/1.1" 200 66
2023-05-20 21:59:18,477 INFO:root:Item F0032 image 1 has process ID 5025272.
2023-05-20 21:59:18,479 INFO:root:Item F0032 processed.
2023-05-20 21:59:18,487 DEBUG:urllib3.connectionpool:Starting new HTTPS connection (1): transkribus.eu:443
2023-05-20 21:59:19,031 DEBUG:urllib3.connectionpool:https://transkribus.eu:443 "POST /processing/v1/processes HTTP/1.1" 200 66
2023-05-20 21:59:19,032 INFO:root:Item F0033 image 1 has process ID 5025273.
2023-05-20 21:59:19,033 INFO:root:Item F0033 processed.
2023-05-20 21:59:19,042 DEBUG:urllib3.connectionpool:Starting new HTTPS connection (1): transkribus.eu:443
2023-05-20 21:59:19,600 DEBUG:urllib3.connectionpool:https://transkribus.eu:443 "POST /processing/v1/processes HTTP/1.1" 200 66
2023-05-20 21:59:19,601 INFO:root:Item F0034 image 1 has process ID 5025274.
2023-05-20 21:59:19,602 INFO:root:Item F0034 processed.
2023-05-20 21:59:19,611 DEBUG:urllib3.connectionpool:Starting new HTTPS connection (1): transkribus.eu:443
2023-05-20 21:59:20,434 DEBUG:urllib3.connectionpool:https://transkribus.eu:443 "POST /processing/v1/processes HTTP/1.1" 200 66
2023-05-20 21:59:20,434 INFO:root:Item F0035 image 1 has process ID 5025275.
2023-05-20 21:59:20,436 INFO:root:Item F0035 processed.
2023-05-20 21:59:20,444 DEBUG:urllib3.connectionpool:Starting new HTTPS connection (1): transkribus.eu:443
2023-05-20 21:59:20,993 DEBUG:urllib3.connectionpool:https://transkribus.eu:443 "POST /processing/v1/processes HTTP/1.1" 200 66
2023-05-20 21:59:20,993 INFO:root:Item F0036 image 1 has process ID 5025276.
2023-05-20 21:59:20,995 INFO:root:Item F0036 processed.
2023-05-20 21:59:21,003 DEBUG:urllib3.connectionpool:Starting new HTTPS connection (1): transkribus.eu:443
2023-05-20 21:59:21,524 DEBUG:urllib3.connectionpool:https://transkribus.eu:443 "POST /processing/v1/processes HTTP/1.1" 200 66
2023-05-20 21:59:21,525 INFO:root:Item F0037 image 1 has process ID 5025277.
2023-05-20 21:59:21,526 INFO:root:Item F0037 processed.
2023-05-20 21:59:21,533 DEBUG:urllib3.connectionpool:Starting new HTTPS connection (1): transkribus.eu:443
2023-05-20 21:59:22,171 DEBUG:urllib3.connectionpool:https://transkribus.eu:443 "POST /processing/v1/processes HTTP/1.1" 200 66
2023-05-20 21:59:22,171 INFO:root:Item F0038 image 1 has process ID 5025278.
2023-05-20 21:59:22,173 INFO:root:Item F0038 processed.
2023-05-20 21:59:22,180 DEBUG:urllib3.connectionpool:Starting new HTTPS connection (1): transkribus.eu:443
2023-05-20 21:59:22,685 DEBUG:urllib3.connectionpool:https://transkribus.eu:443 "POST /processing/v1/processes HTTP/1.1" 200 66
2023-05-20 21:59:22,686 INFO:root:Item F0039 image 1 has process ID 5025279.
2023-05-20 21:59:22,687 INFO:root:Item F0039 processed.
2023-05-20 21:59:22,694 DEBUG:urllib3.connectionpool:Starting new HTTPS connection (1): transkribus.eu:443
2023-05-20 21:59:23,218 DEBUG:urllib3.connectionpool:https://transkribus.eu:443 "POST /processing/v1/processes HTTP/1.1" 200 66
2023-05-20 21:59:23,218 INFO:root:Item F0040 image 1 has process ID 5025280.
2023-05-20 21:59:23,220 INFO:root:Item F0040 processed.
2023-05-20 21:59:23,227 DEBUG:urllib3.connectionpool:Starting new HTTPS connection (1): transkribus.eu:443
2023-05-20 21:59:23,725 DEBUG:urllib3.connectionpool:https://transkribus.eu:443 "POST /processing/v1/processes HTTP/1.1" 200 66
2023-05-20 21:59:23,726 INFO:root:Item F0041 image 1 has process ID 5025281.
2023-05-20 21:59:23,727 INFO:root:Item F0041 processed.
2023-05-20 21:59:23,736 DEBUG:urllib3.connectionpool:Starting new HTTPS connection (1): transkribus.eu:443
2023-05-20 21:59:24,541 DEBUG:urllib3.connectionpool:https://transkribus.eu:443 "POST /processing/v1/processes HTTP/1.1" 200 66
2023-05-20 21:59:24,542 INFO:root:Item F0042 image 1 has process ID 5025282.
2023-05-20 21:59:24,543 INFO:root:Item F0042 processed.
2023-05-20 21:59:24,551 DEBUG:urllib3.connectionpool:Starting new HTTPS connection (1): transkribus.eu:443
2023-05-20 21:59:25,294 DEBUG:urllib3.connectionpool:https://transkribus.eu:443 "POST /processing/v1/processes HTTP/1.1" 200 66
2023-05-20 21:59:25,294 INFO:root:Item F0043 image 1 has process ID 5025283.
2023-05-20 21:59:25,296 INFO:root:Item F0043 processed.
2023-05-20 21:59:25,304 DEBUG:urllib3.connectionpool:Starting new HTTPS connection (1): transkribus.eu:443
2023-05-20 21:59:26,128 DEBUG:urllib3.connectionpool:https://transkribus.eu:443 "POST /processing/v1/processes HTTP/1.1" 200 66
2023-05-20 21:59:26,128 INFO:root:Item F0044 image 1 has process ID 5025285.
2023-05-20 21:59:26,130 INFO:root:Item F0044 processed.
2023-05-20 21:59:26,138 DEBUG:urllib3.connectionpool:Starting new HTTPS connection (1): transkribus.eu:443
2023-05-20 21:59:26,743 DEBUG:urllib3.connectionpool:https://transkribus.eu:443 "POST /processing/v1/processes HTTP/1.1" 200 66
2023-05-20 21:59:26,743 INFO:root:Item F0045 image 1 has process ID 5025286.
2023-05-20 21:59:26,745 INFO:root:Item F0045 processed.
2023-05-20 21:59:26,755 DEBUG:urllib3.connectionpool:Starting new HTTPS connection (1): transkribus.eu:443
2023-05-20 21:59:27,310 DEBUG:urllib3.connectionpool:https://transkribus.eu:443 "POST /processing/v1/processes HTTP/1.1" 200 66
2023-05-20 21:59:27,310 INFO:root:Item F0046 image 1 has process ID 5025287.
2023-05-20 21:59:27,311 INFO:root:Item F0046 processed.
2023-05-20 21:59:27,322 DEBUG:urllib3.connectionpool:Starting new HTTPS connection (1): transkribus.eu:443
2023-05-20 21:59:28,118 DEBUG:urllib3.connectionpool:https://transkribus.eu:443 "POST /processing/v1/processes HTTP/1.1" 200 66
2023-05-20 21:59:28,119 INFO:root:Item F0047 image 1 has process ID 5025288.
2023-05-20 21:59:28,120 INFO:root:Item F0047 processed.
2023-05-20 21:59:28,130 DEBUG:urllib3.connectionpool:Starting new HTTPS connection (1): transkribus.eu:443
2023-05-20 21:59:28,944 DEBUG:urllib3.connectionpool:https://transkribus.eu:443 "POST /processing/v1/processes HTTP/1.1" 200 66
2023-05-20 21:59:28,945 INFO:root:Item F0048 image 1 has process ID 5025289.
2023-05-20 21:59:28,946 INFO:root:Item F0048 processed.
2023-05-20 21:59:28,953 DEBUG:urllib3.connectionpool:Starting new HTTPS connection (1): transkribus.eu:443
2023-05-20 21:59:29,776 DEBUG:urllib3.connectionpool:https://transkribus.eu:443 "POST /processing/v1/processes HTTP/1.1" 200 66
2023-05-20 21:59:29,777 INFO:root:Item F0049 image 1 has process ID 5025290.
2023-05-20 21:59:29,778 INFO:root:Item F0049 processed.
2023-05-20 21:59:29,785 DEBUG:urllib3.connectionpool:Starting new HTTPS connection (1): transkribus.eu:443
2023-05-20 21:59:30,986 DEBUG:urllib3.connectionpool:https://transkribus.eu:443 "POST /processing/v1/processes HTTP/1.1" 200 66
2023-05-20 21:59:30,987 INFO:root:Item F0050 image 1 has process ID 5025291.
2023-05-20 21:59:30,988 INFO:root:Item F0050 processed.
2023-05-20 21:59:30,999 DEBUG:urllib3.connectionpool:Starting new HTTPS connection (1): transkribus.eu:443
2023-05-20 21:59:31,949 DEBUG:urllib3.connectionpool:https://transkribus.eu:443 "POST /processing/v1/processes HTTP/1.1" 200 66
2023-05-20 21:59:31,949 INFO:root:Item F0051 image 1 has process ID 5025292.
2023-05-20 21:59:31,950 INFO:root:Item F0051 processed.
2023-05-20 21:59:31,959 DEBUG:urllib3.connectionpool:Starting new HTTPS connection (1): transkribus.eu:443
2023-05-20 21:59:33,162 DEBUG:urllib3.connectionpool:https://transkribus.eu:443 "POST /processing/v1/processes HTTP/1.1" 200 66
2023-05-20 21:59:33,163 INFO:root:Item F0052 image 1 has process ID 5025293.
2023-05-20 21:59:33,164 INFO:root:Item F0052 processed.
2023-05-20 21:59:33,172 DEBUG:urllib3.connectionpool:Starting new HTTPS connection (1): transkribus.eu:443
2023-05-20 21:59:33,721 DEBUG:urllib3.connectionpool:https://transkribus.eu:443 "POST /processing/v1/processes HTTP/1.1" 200 66
2023-05-20 21:59:33,722 INFO:root:Item F0053 image 1 has process ID 5025294.
2023-05-20 21:59:33,723 INFO:root:Item F0053 processed.
2023-05-20 21:59:33,735 DEBUG:urllib3.connectionpool:Starting new HTTPS connection (1): transkribus.eu:443
2023-05-20 21:59:34,263 DEBUG:urllib3.connectionpool:https://transkribus.eu:443 "POST /processing/v1/processes HTTP/1.1" 200 66
2023-05-20 21:59:34,263 INFO:root:Item F0054 image 1 has process ID 5025295.
2023-05-20 21:59:34,265 INFO:root:Item F0054 processed.
2023-05-20 21:59:34,276 DEBUG:urllib3.connectionpool:Starting new HTTPS connection (1): transkribus.eu:443
2023-05-20 21:59:36,265 DEBUG:urllib3.connectionpool:https://transkribus.eu:443 "POST /processing/v1/processes HTTP/1.1" 200 66
2023-05-20 21:59:36,265 INFO:root:Item F0055 image 1 has process ID 5025296.
2023-05-20 21:59:36,267 INFO:root:Item F0055 processed.
2023-05-20 21:59:36,276 DEBUG:urllib3.connectionpool:Starting new HTTPS connection (1): transkribus.eu:443
2023-05-20 21:59:37,070 DEBUG:urllib3.connectionpool:https://transkribus.eu:443 "POST /processing/v1/processes HTTP/1.1" 200 66
2023-05-20 21:59:37,070 INFO:root:Item F0056 image 1 has process ID 5025297.
2023-05-20 21:59:37,071 INFO:root:Item F0056 processed.
2023-05-20 21:59:37,077 DEBUG:urllib3.connectionpool:Starting new HTTPS connection (1): transkribus.eu:443
2023-05-20 21:59:37,580 DEBUG:urllib3.connectionpool:https://transkribus.eu:443 "POST /processing/v1/processes HTTP/1.1" 200 66
2023-05-20 21:59:37,581 INFO:root:Item F0057 image 1 has process ID 5025298.
2023-05-20 21:59:37,582 INFO:root:Item F0057 processed.
2023-05-20 21:59:37,587 DEBUG:urllib3.connectionpool:Starting new HTTPS connection (1): transkribus.eu:443
2023-05-20 21:59:38,066 DEBUG:urllib3.connectionpool:https://transkribus.eu:443 "POST /processing/v1/processes HTTP/1.1" 200 66
2023-05-20 21:59:38,067 INFO:root:Item F0058 image 1 has process ID 5025299.
2023-05-20 21:59:38,068 INFO:root:Item F0058 processed.
2023-05-20 21:59:38,077 DEBUG:urllib3.connectionpool:Starting new HTTPS connection (1): transkribus.eu:443
2023-05-20 21:59:38,563 DEBUG:urllib3.connectionpool:https://transkribus.eu:443 "POST /processing/v1/processes HTTP/1.1" 200 66
2023-05-20 21:59:38,564 INFO:root:Item F0059 image 1 has process ID 5025300.
2023-05-20 21:59:38,565 INFO:root:Item F0059 processed.
2023-05-20 21:59:38,570 DEBUG:urllib3.connectionpool:Starting new HTTPS connection (1): transkribus.eu:443
2023-05-20 21:59:39,039 DEBUG:urllib3.connectionpool:https://transkribus.eu:443 "POST /processing/v1/processes HTTP/1.1" 200 66
2023-05-20 21:59:39,039 INFO:root:Item F0060 image 1 has process ID 5025301.
2023-05-20 21:59:39,040 INFO:root:Item F0060 processed.
2023-05-20 21:59:39,045 DEBUG:urllib3.connectionpool:Starting new HTTPS connection (1): transkribus.eu:443
2023-05-20 21:59:39,512 DEBUG:urllib3.connectionpool:https://transkribus.eu:443 "POST /processing/v1/processes HTTP/1.1" 200 66
2023-05-20 21:59:39,512 INFO:root:Item F0061 image 1 has process ID 5025302.
2023-05-20 21:59:39,513 INFO:root:Item F0061 processed.
2023-05-20 21:59:39,522 DEBUG:urllib3.connectionpool:Starting new HTTPS connection (1): transkribus.eu:443
2023-05-20 21:59:40,022 DEBUG:urllib3.connectionpool:https://transkribus.eu:443 "POST /processing/v1/processes HTTP/1.1" 200 66
2023-05-20 21:59:40,022 INFO:root:Item F0062 image 1 has process ID 5025303.
2023-05-20 21:59:40,024 INFO:root:Item F0062 processed.
2023-05-20 21:59:40,028 DEBUG:urllib3.connectionpool:Starting new HTTPS connection (1): transkribus.eu:443
2023-05-20 21:59:40,625 DEBUG:urllib3.connectionpool:https://transkribus.eu:443 "POST /processing/v1/processes HTTP/1.1" 200 66
2023-05-20 21:59:40,626 INFO:root:Item F0063 image 1 has process ID 5025304.
2023-05-20 21:59:40,627 INFO:root:Item F0063 processed.
2023-05-20 21:59:40,635 DEBUG:urllib3.connectionpool:Starting new HTTPS connection (1): transkribus.eu:443
2023-05-20 21:59:41,117 DEBUG:urllib3.connectionpool:https://transkribus.eu:443 "POST /processing/v1/processes HTTP/1.1" 200 66
2023-05-20 21:59:41,118 INFO:root:Item F0064 image 1 has process ID 5025305.
2023-05-20 21:59:41,119 INFO:root:Item F0064 processed.
2023-05-20 21:59:41,124 DEBUG:urllib3.connectionpool:Starting new HTTPS connection (1): transkribus.eu:443
2023-05-20 21:59:41,640 DEBUG:urllib3.connectionpool:https://transkribus.eu:443 "POST /processing/v1/processes HTTP/1.1" 200 66
2023-05-20 21:59:41,641 INFO:root:Item F0065 image 1 has process ID 5025306.
2023-05-20 21:59:41,642 INFO:root:Item F0065 processed.
2023-05-20 21:59:41,645 DEBUG:urllib3.connectionpool:Starting new HTTPS connection (1): transkribus.eu:443
2023-05-20 21:59:42,117 DEBUG:urllib3.connectionpool:https://transkribus.eu:443 "POST /processing/v1/processes HTTP/1.1" 200 66
2023-05-20 21:59:42,117 INFO:root:Item F0066 image 1 has process ID 5025307.
2023-05-20 21:59:42,119 INFO:root:Item F0066 processed.
2023-05-20 21:59:42,125 DEBUG:urllib3.connectionpool:Starting new HTTPS connection (1): transkribus.eu:443
2023-05-20 21:59:42,579 DEBUG:urllib3.connectionpool:https://transkribus.eu:443 "POST /processing/v1/processes HTTP/1.1" 200 66
2023-05-20 21:59:42,579 INFO:root:Item F0067 image 1 has process ID 5025309.
2023-05-20 21:59:42,580 INFO:root:Item F0067 processed.
2023-05-20 21:59:42,584 DEBUG:urllib3.connectionpool:Starting new HTTPS connection (1): transkribus.eu:443
2023-05-20 21:59:43,018 DEBUG:urllib3.connectionpool:https://transkribus.eu:443 "POST /processing/v1/processes HTTP/1.1" 200 66
2023-05-20 21:59:43,019 INFO:root:Item F0068 image 1 has process ID 5025310.
2023-05-20 21:59:43,020 INFO:root:Item F0068 processed.
2023-05-20 21:59:43,027 DEBUG:urllib3.connectionpool:Starting new HTTPS connection (1): transkribus.eu:443
2023-05-20 21:59:43,430 DEBUG:urllib3.connectionpool:https://transkribus.eu:443 "POST /processing/v1/processes HTTP/1.1" 200 66
2023-05-20 21:59:43,430 INFO:root:Item F0069 image 1 has process ID 5025311.
2023-05-20 21:59:43,431 INFO:root:Item F0069 processed.
2023-05-20 21:59:43,437 DEBUG:urllib3.connectionpool:Starting new HTTPS connection (1): transkribus.eu:443
2023-05-20 21:59:43,856 DEBUG:urllib3.connectionpool:https://transkribus.eu:443 "POST /processing/v1/processes HTTP/1.1" 200 66
2023-05-20 21:59:43,856 INFO:root:Item F0070 image 1 has process ID 5025312.
2023-05-20 21:59:43,858 INFO:root:Item F0070 processed.
2023-05-20 21:59:43,864 DEBUG:urllib3.connectionpool:Starting new HTTPS connection (1): transkribus.eu:443
2023-05-20 21:59:44,258 DEBUG:urllib3.connectionpool:https://transkribus.eu:443 "POST /processing/v1/processes HTTP/1.1" 200 66
2023-05-20 21:59:44,258 INFO:root:Item F0071 image 1 has process ID 5025313.
2023-05-20 21:59:44,260 INFO:root:Item F0071 processed.
2023-05-20 21:59:44,263 DEBUG:urllib3.connectionpool:Starting new HTTPS connection (1): transkribus.eu:443
2023-05-20 21:59:44,684 DEBUG:urllib3.connectionpool:https://transkribus.eu:443 "POST /processing/v1/processes HTTP/1.1" 200 66
2023-05-20 21:59:44,684 INFO:root:Item F0072 image 1 has process ID 5025314.
2023-05-20 21:59:44,686 INFO:root:Item F0072 processed.
2023-05-20 21:59:44,692 DEBUG:urllib3.connectionpool:Starting new HTTPS connection (1): transkribus.eu:443
2023-05-20 21:59:45,101 DEBUG:urllib3.connectionpool:https://transkribus.eu:443 "POST /processing/v1/processes HTTP/1.1" 200 66
2023-05-20 21:59:45,101 INFO:root:Item F0073 image 1 has process ID 5025315.
2023-05-20 21:59:45,102 INFO:root:Item F0073 processed.
2023-05-20 21:59:45,106 DEBUG:urllib3.connectionpool:Starting new HTTPS connection (1): transkribus.eu:443
2023-05-20 21:59:45,514 DEBUG:urllib3.connectionpool:https://transkribus.eu:443 "POST /processing/v1/processes HTTP/1.1" 200 66
2023-05-20 21:59:45,514 INFO:root:Item F0074 image 1 has process ID 5025316.
2023-05-20 21:59:45,516 INFO:root:Item F0074 processed.
2023-05-20 21:59:45,519 DEBUG:urllib3.connectionpool:Starting new HTTPS connection (1): transkribus.eu:443
2023-05-20 21:59:45,955 DEBUG:urllib3.connectionpool:https://transkribus.eu:443 "POST /processing/v1/processes HTTP/1.1" 200 66
2023-05-20 21:59:45,956 INFO:root:Item F0075 image 1 has process ID 5025317.
2023-05-20 21:59:45,957 INFO:root:Item F0075 processed.
2023-05-20 21:59:45,963 DEBUG:urllib3.connectionpool:Starting new HTTPS connection (1): transkribus.eu:443
2023-05-20 21:59:46,385 DEBUG:urllib3.connectionpool:https://transkribus.eu:443 "POST /processing/v1/processes HTTP/1.1" 200 66
2023-05-20 21:59:46,385 INFO:root:Item F0076 image 1 has process ID 5025318.
2023-05-20 21:59:46,387 INFO:root:Item F0076 processed.
2023-05-20 21:59:46,393 DEBUG:urllib3.connectionpool:Starting new HTTPS connection (1): transkribus.eu:443
2023-05-20 21:59:46,818 DEBUG:urllib3.connectionpool:https://transkribus.eu:443 "POST /processing/v1/processes HTTP/1.1" 200 66
2023-05-20 21:59:46,818 INFO:root:Item F0077 image 1 has process ID 5025319.
2023-05-20 21:59:46,819 INFO:root:Item F0077 processed.
2023-05-20 21:59:46,822 DEBUG:urllib3.connectionpool:Starting new HTTPS connection (1): transkribus.eu:443
2023-05-20 21:59:47,258 DEBUG:urllib3.connectionpool:https://transkribus.eu:443 "POST /processing/v1/processes HTTP/1.1" 200 66
2023-05-20 21:59:47,258 INFO:root:Item F0078 image 1 has process ID 5025320.
2023-05-20 21:59:47,260 INFO:root:Item F0078 processed.
2023-05-20 21:59:47,265 DEBUG:urllib3.connectionpool:Starting new HTTPS connection (1): transkribus.eu:443
2023-05-20 21:59:47,713 DEBUG:urllib3.connectionpool:https://transkribus.eu:443 "POST /processing/v1/processes HTTP/1.1" 200 66
2023-05-20 21:59:47,714 INFO:root:Item F0079 image 1 has process ID 5025321.
2023-05-20 21:59:47,715 INFO:root:Item F0079 processed.
2023-05-20 21:59:47,722 DEBUG:urllib3.connectionpool:Starting new HTTPS connection (1): transkribus.eu:443
2023-05-20 21:59:48,560 DEBUG:urllib3.connectionpool:https://transkribus.eu:443 "POST /processing/v1/processes HTTP/1.1" 200 66
2023-05-20 21:59:48,561 INFO:root:Item F0080 image 1 has process ID 5025322.
2023-05-20 21:59:48,562 INFO:root:Item F0080 processed.
2023-05-20 21:59:48,569 DEBUG:urllib3.connectionpool:Starting new HTTPS connection (1): transkribus.eu:443
2023-05-20 21:59:48,962 DEBUG:urllib3.connectionpool:https://transkribus.eu:443 "POST /processing/v1/processes HTTP/1.1" 200 66
2023-05-20 21:59:48,962 INFO:root:Item F0081 image 1 has process ID 5025323.
2023-05-20 21:59:48,964 INFO:root:Item F0081 processed.
2023-05-20 21:59:48,967 DEBUG:urllib3.connectionpool:Starting new HTTPS connection (1): transkribus.eu:443
2023-05-20 21:59:49,411 DEBUG:urllib3.connectionpool:https://transkribus.eu:443 "POST /processing/v1/processes HTTP/1.1" 200 66
2023-05-20 21:59:49,411 INFO:root:Item F0082 image 1 has process ID 5025324.
2023-05-20 21:59:49,412 INFO:root:Item F0082 processed.
2023-05-20 21:59:49,416 DEBUG:urllib3.connectionpool:Starting new HTTPS connection (1): transkribus.eu:443
2023-05-20 21:59:49,844 DEBUG:urllib3.connectionpool:https://transkribus.eu:443 "POST /processing/v1/processes HTTP/1.1" 200 66
2023-05-20 21:59:49,844 INFO:root:Item F0083 image 1 has process ID 5025325.
2023-05-20 21:59:49,845 INFO:root:Item F0083 processed.
2023-05-20 21:59:49,849 DEBUG:urllib3.connectionpool:Starting new HTTPS connection (1): transkribus.eu:443
2023-05-20 21:59:50,288 DEBUG:urllib3.connectionpool:https://transkribus.eu:443 "POST /processing/v1/processes HTTP/1.1" 200 66
2023-05-20 21:59:50,288 INFO:root:Item F0084 image 1 has process ID 5025326.
2023-05-20 21:59:50,289 INFO:root:Item F0084 processed.
2023-05-20 21:59:50,295 DEBUG:urllib3.connectionpool:Starting new HTTPS connection (1): transkribus.eu:443
2023-05-20 21:59:50,724 DEBUG:urllib3.connectionpool:https://transkribus.eu:443 "POST /processing/v1/processes HTTP/1.1" 200 66
2023-05-20 21:59:50,724 INFO:root:Item F0085 image 1 has process ID 5025327.
2023-05-20 21:59:50,725 INFO:root:Item F0085 processed.
2023-05-20 21:59:50,732 DEBUG:urllib3.connectionpool:Starting new HTTPS connection (1): transkribus.eu:443
2023-05-20 21:59:51,145 DEBUG:urllib3.connectionpool:https://transkribus.eu:443 "POST /processing/v1/processes HTTP/1.1" 200 66
2023-05-20 21:59:51,145 INFO:root:Item F0086 image 1 has process ID 5025328.
2023-05-20 21:59:51,147 INFO:root:Item F0086 processed.
2023-05-20 21:59:51,150 DEBUG:urllib3.connectionpool:Starting new HTTPS connection (1): transkribus.eu:443
2023-05-20 21:59:51,551 DEBUG:urllib3.connectionpool:https://transkribus.eu:443 "POST /processing/v1/processes HTTP/1.1" 200 66
2023-05-20 21:59:51,551 INFO:root:Item F0087 image 1 has process ID 5025329.
2023-05-20 21:59:51,553 INFO:root:Item F0087 processed.
2023-05-20 21:59:51,556 DEBUG:urllib3.connectionpool:Starting new HTTPS connection (1): transkribus.eu:443
2023-05-20 21:59:52,108 DEBUG:urllib3.connectionpool:https://transkribus.eu:443 "POST /processing/v1/processes HTTP/1.1" 200 66
2023-05-20 21:59:52,109 INFO:root:Item F0088 image 1 has process ID 5025330.
2023-05-20 21:59:52,110 INFO:root:Item F0088 processed.
2023-05-20 21:59:52,116 DEBUG:urllib3.connectionpool:Starting new HTTPS connection (1): transkribus.eu:443
2023-05-20 21:59:52,565 DEBUG:urllib3.connectionpool:https://transkribus.eu:443 "POST /processing/v1/processes HTTP/1.1" 200 66
2023-05-20 21:59:52,565 INFO:root:Item F0089 image 1 has process ID 5025331.
2023-05-20 21:59:52,566 INFO:root:Item F0089 processed.
2023-05-20 21:59:52,573 DEBUG:urllib3.connectionpool:Starting new HTTPS connection (1): transkribus.eu:443
2023-05-20 21:59:53,029 DEBUG:urllib3.connectionpool:https://transkribus.eu:443 "POST /processing/v1/processes HTTP/1.1" 200 66
2023-05-20 21:59:53,029 INFO:root:Item F0090 image 1 has process ID 5025332.
2023-05-20 21:59:53,030 INFO:root:Item F0090 processed.
2023-05-20 21:59:53,038 DEBUG:urllib3.connectionpool:Starting new HTTPS connection (1): transkribus.eu:443
2023-05-20 21:59:53,500 DEBUG:urllib3.connectionpool:https://transkribus.eu:443 "POST /processing/v1/processes HTTP/1.1" 200 66
2023-05-20 21:59:53,501 INFO:root:Item F0091 image 1 has process ID 5025333.
2023-05-20 21:59:53,502 INFO:root:Item F0091 processed.
2023-05-20 21:59:53,509 DEBUG:urllib3.connectionpool:Starting new HTTPS connection (1): transkribus.eu:443
2023-05-20 21:59:53,962 DEBUG:urllib3.connectionpool:https://transkribus.eu:443 "POST /processing/v1/processes HTTP/1.1" 200 66
2023-05-20 21:59:53,962 INFO:root:Item F0092 image 1 has process ID 5025334.
2023-05-20 21:59:53,964 INFO:root:Item F0092 processed.
2023-05-20 21:59:53,970 DEBUG:urllib3.connectionpool:Starting new HTTPS connection (1): transkribus.eu:443
2023-05-20 21:59:54,425 DEBUG:urllib3.connectionpool:https://transkribus.eu:443 "POST /processing/v1/processes HTTP/1.1" 200 66
2023-05-20 21:59:54,426 INFO:root:Item F0093 image 1 has process ID 5025335.
2023-05-20 21:59:54,427 INFO:root:Item F0093 processed.
2023-05-20 21:59:54,433 DEBUG:urllib3.connectionpool:Starting new HTTPS connection (1): transkribus.eu:443
2023-05-20 21:59:54,948 DEBUG:urllib3.connectionpool:https://transkribus.eu:443 "POST /processing/v1/processes HTTP/1.1" 200 66
2023-05-20 21:59:54,948 INFO:root:Item F0094 image 1 has process ID 5025336.
2023-05-20 21:59:54,949 INFO:root:Item F0094 processed.
2023-05-20 21:59:54,953 DEBUG:urllib3.connectionpool:Starting new HTTPS connection (1): transkribus.eu:443
2023-05-20 21:59:55,419 DEBUG:urllib3.connectionpool:https://transkribus.eu:443 "POST /processing/v1/processes HTTP/1.1" 200 66
2023-05-20 21:59:55,419 INFO:root:Item F0095 image 1 has process ID 5025337.
2023-05-20 21:59:55,420 INFO:root:Item F0095 processed.
2023-05-20 21:59:55,427 DEBUG:urllib3.connectionpool:Starting new HTTPS connection (1): transkribus.eu:443
2023-05-20 21:59:55,916 DEBUG:urllib3.connectionpool:https://transkribus.eu:443 "POST /processing/v1/processes HTTP/1.1" 200 66
2023-05-20 21:59:55,917 INFO:root:Item F0096 image 1 has process ID 5025338.
2023-05-20 21:59:55,918 INFO:root:Item F0096 processed.
2023-05-20 21:59:55,926 DEBUG:urllib3.connectionpool:Starting new HTTPS connection (1): transkribus.eu:443
2023-05-20 21:59:56,395 DEBUG:urllib3.connectionpool:https://transkribus.eu:443 "POST /processing/v1/processes HTTP/1.1" 200 66
2023-05-20 21:59:56,396 INFO:root:Item F0097 image 1 has process ID 5025339.
2023-05-20 21:59:56,397 INFO:root:Item F0097 processed.
2023-05-20 21:59:56,400 DEBUG:urllib3.connectionpool:Starting new HTTPS connection (1): transkribus.eu:443
2023-05-20 21:59:56,816 DEBUG:urllib3.connectionpool:https://transkribus.eu:443 "POST /processing/v1/processes HTTP/1.1" 200 66
2023-05-20 21:59:56,816 INFO:root:Item F0098 image 1 has process ID 5025340.
2023-05-20 21:59:56,817 INFO:root:Item F0098 processed.
2023-05-20 21:59:56,824 DEBUG:urllib3.connectionpool:Starting new HTTPS connection (1): transkribus.eu:443
2023-05-20 21:59:57,282 DEBUG:urllib3.connectionpool:https://transkribus.eu:443 "POST /processing/v1/processes HTTP/1.1" 200 66
2023-05-20 21:59:57,282 INFO:root:Item F0099 image 1 has process ID 5025341.
2023-05-20 21:59:57,283 INFO:root:Item F0099 processed.
2023-05-20 21:59:57,290 DEBUG:urllib3.connectionpool:Starting new HTTPS connection (1): transkribus.eu:443
2023-05-20 21:59:57,729 DEBUG:urllib3.connectionpool:https://transkribus.eu:443 "POST /processing/v1/processes HTTP/1.1" 200 66
2023-05-20 21:59:57,729 INFO:root:Item F0100 image 1 has process ID 5025342.
2023-05-20 21:59:57,731 INFO:root:Item F0100 processed.
2023-05-20 21:59:57,734 DEBUG:urllib3.connectionpool:Starting new HTTPS connection (1): transkribus.eu:443
2023-05-20 21:59:58,155 DEBUG:urllib3.connectionpool:https://transkribus.eu:443 "POST /processing/v1/processes HTTP/1.1" 200 66
2023-05-20 21:59:58,155 INFO:root:Item F0101 image 1 has process ID 5025343.
2023-05-20 21:59:58,156 INFO:root:Item F0101 processed.
2023-05-20 21:59:58,160 DEBUG:urllib3.connectionpool:Starting new HTTPS connection (1): transkribus.eu:443
2023-05-20 21:59:58,581 DEBUG:urllib3.connectionpool:https://transkribus.eu:443 "POST /processing/v1/processes HTTP/1.1" 200 66
2023-05-20 21:59:58,582 INFO:root:Item F0102 image 1 has process ID 5025344.
2023-05-20 21:59:58,583 INFO:root:Item F0102 processed.
2023-05-20 21:59:58,590 DEBUG:urllib3.connectionpool:Starting new HTTPS connection (1): transkribus.eu:443
2023-05-20 21:59:59,028 DEBUG:urllib3.connectionpool:https://transkribus.eu:443 "POST /processing/v1/processes HTTP/1.1" 200 66
2023-05-20 21:59:59,028 INFO:root:Item F0103 image 1 has process ID 5025345.
2023-05-20 21:59:59,029 INFO:root:Item F0103 processed.
2023-05-20 21:59:59,036 DEBUG:urllib3.connectionpool:Starting new HTTPS connection (1): transkribus.eu:443
2023-05-20 21:59:59,456 DEBUG:urllib3.connectionpool:https://transkribus.eu:443 "POST /processing/v1/processes HTTP/1.1" 200 66
2023-05-20 21:59:59,457 INFO:root:Item F0104 image 1 has process ID 5025346.
2023-05-20 21:59:59,458 INFO:root:Item F0104 processed.
2023-05-20 21:59:59,464 DEBUG:urllib3.connectionpool:Starting new HTTPS connection (1): transkribus.eu:443
2023-05-20 21:59:59,896 DEBUG:urllib3.connectionpool:https://transkribus.eu:443 "POST /processing/v1/processes HTTP/1.1" 200 66
2023-05-20 21:59:59,896 INFO:root:Item F0105 image 1 has process ID 5025347.
2023-05-20 21:59:59,897 INFO:root:Item F0105 processed.
2023-05-20 21:59:59,900 DEBUG:urllib3.connectionpool:Starting new HTTPS connection (1): transkribus.eu:443
2023-05-20 22:00:00,331 DEBUG:urllib3.connectionpool:https://transkribus.eu:443 "POST /processing/v1/processes HTTP/1.1" 200 66
2023-05-20 22:00:00,331 INFO:root:Item F0106 image 1 has process ID 5025348.
2023-05-20 22:00:00,333 INFO:root:Item F0106 processed.
2023-05-20 22:00:00,339 DEBUG:urllib3.connectionpool:Starting new HTTPS connection (1): transkribus.eu:443
2023-05-20 22:00:00,741 DEBUG:urllib3.connectionpool:https://transkribus.eu:443 "POST /processing/v1/processes HTTP/1.1" 200 66
2023-05-20 22:00:00,741 INFO:root:Item F0107 image 1 has process ID 5025349.
2023-05-20 22:00:00,742 INFO:root:Item F0107 processed.
2023-05-20 22:00:00,749 DEBUG:urllib3.connectionpool:Starting new HTTPS connection (1): transkribus.eu:443
2023-05-20 22:00:01,226 DEBUG:urllib3.connectionpool:https://transkribus.eu:443 "POST /processing/v1/processes HTTP/1.1" 200 66
2023-05-20 22:00:01,226 INFO:root:Item F0108 image 1 has process ID 5025350.
2023-05-20 22:00:01,227 INFO:root:Item F0108 processed.
2023-05-20 22:00:01,233 DEBUG:urllib3.connectionpool:Starting new HTTPS connection (1): transkribus.eu:443
2023-05-20 22:00:01,677 DEBUG:urllib3.connectionpool:https://transkribus.eu:443 "POST /processing/v1/processes HTTP/1.1" 200 66
2023-05-20 22:00:01,678 INFO:root:Item F0109 image 1 has process ID 5025351.
2023-05-20 22:00:01,679 INFO:root:Item F0109 processed.
2023-05-20 22:00:01,685 DEBUG:urllib3.connectionpool:Starting new HTTPS connection (1): transkribus.eu:443
2023-05-20 22:00:02,162 DEBUG:urllib3.connectionpool:https://transkribus.eu:443 "POST /processing/v1/processes HTTP/1.1" 200 66
2023-05-20 22:00:02,162 INFO:root:Item F0110 image 1 has process ID 5025352.
2023-05-20 22:00:02,163 INFO:root:Item F0110 processed.
2023-05-20 22:00:02,166 DEBUG:urllib3.connectionpool:Starting new HTTPS connection (1): transkribus.eu:443
2023-05-20 22:00:02,587 DEBUG:urllib3.connectionpool:https://transkribus.eu:443 "POST /processing/v1/processes HTTP/1.1" 200 66
2023-05-20 22:00:02,587 INFO:root:Item F0111 image 1 has process ID 5025353.
2023-05-20 22:00:02,589 INFO:root:Item F0111 processed.
2023-05-20 22:00:02,592 DEBUG:urllib3.connectionpool:Starting new HTTPS connection (1): transkribus.eu:443
2023-05-20 22:00:03,010 DEBUG:urllib3.connectionpool:https://transkribus.eu:443 "POST /processing/v1/processes HTTP/1.1" 200 66
2023-05-20 22:00:03,010 INFO:root:Item F0112 image 1 has process ID 5025354.
2023-05-20 22:00:03,011 INFO:root:Item F0112 processed.
2023-05-20 22:00:03,019 DEBUG:urllib3.connectionpool:Starting new HTTPS connection (1): transkribus.eu:443
2023-05-20 22:00:03,447 DEBUG:urllib3.connectionpool:https://transkribus.eu:443 "POST /processing/v1/processes HTTP/1.1" 200 66
2023-05-20 22:00:03,447 INFO:root:Item F0113 image 1 has process ID 5025355.
2023-05-20 22:00:03,448 INFO:root:Item F0113 processed.
2023-05-20 22:00:03,456 DEBUG:urllib3.connectionpool:Starting new HTTPS connection (1): transkribus.eu:443
2023-05-20 22:00:03,987 DEBUG:urllib3.connectionpool:https://transkribus.eu:443 "POST /processing/v1/processes HTTP/1.1" 200 66
2023-05-20 22:00:03,987 INFO:root:Item F0114 image 1 has process ID 5025357.
2023-05-20 22:00:03,988 INFO:root:Item F0114 processed.
2023-05-20 22:00:03,995 DEBUG:urllib3.connectionpool:Starting new HTTPS connection (1): transkribus.eu:443
2023-05-20 22:00:04,436 DEBUG:urllib3.connectionpool:https://transkribus.eu:443 "POST /processing/v1/processes HTTP/1.1" 200 66
2023-05-20 22:00:04,436 INFO:root:Item F0115 image 1 has process ID 5025358.
2023-05-20 22:00:04,438 INFO:root:Item F0115 processed.
2023-05-20 22:00:04,445 DEBUG:urllib3.connectionpool:Starting new HTTPS connection (1): transkribus.eu:443
2023-05-20 22:00:04,861 DEBUG:urllib3.connectionpool:https://transkribus.eu:443 "POST /processing/v1/processes HTTP/1.1" 200 66
2023-05-20 22:00:04,861 INFO:root:Item F0116 image 1 has process ID 5025359.
2023-05-20 22:00:04,863 INFO:root:Item F0116 processed.
2023-05-20 22:00:04,866 DEBUG:urllib3.connectionpool:Starting new HTTPS connection (1): transkribus.eu:443
2023-05-20 22:00:05,306 DEBUG:urllib3.connectionpool:https://transkribus.eu:443 "POST /processing/v1/processes HTTP/1.1" 200 66
2023-05-20 22:00:05,307 INFO:root:Item F0117 image 1 has process ID 5025360.
2023-05-20 22:00:05,308 INFO:root:Item F0117 processed.
2023-05-20 22:00:05,315 DEBUG:urllib3.connectionpool:Starting new HTTPS connection (1): transkribus.eu:443
2023-05-20 22:00:05,766 DEBUG:urllib3.connectionpool:https://transkribus.eu:443 "POST /processing/v1/processes HTTP/1.1" 200 66
2023-05-20 22:00:05,766 INFO:root:Item F0118 image 1 has process ID 5025361.
2023-05-20 22:00:05,768 INFO:root:Item F0118 processed.
2023-05-20 22:00:05,775 DEBUG:urllib3.connectionpool:Starting new HTTPS connection (1): transkribus.eu:443
2023-05-20 22:00:06,234 DEBUG:urllib3.connectionpool:https://transkribus.eu:443 "POST /processing/v1/processes HTTP/1.1" 200 66
2023-05-20 22:00:06,234 INFO:root:Item F0119 image 1 has process ID 5025362.
2023-05-20 22:00:06,236 INFO:root:Item F0119 processed.
2023-05-20 22:00:06,243 DEBUG:urllib3.connectionpool:Starting new HTTPS connection (1): transkribus.eu:443
2023-05-20 22:00:06,686 DEBUG:urllib3.connectionpool:https://transkribus.eu:443 "POST /processing/v1/processes HTTP/1.1" 200 66
2023-05-20 22:00:06,686 INFO:root:Item F0120 image 1 has process ID 5025363.
2023-05-20 22:00:06,687 INFO:root:Item F0120 processed.
2023-05-20 22:00:06,694 DEBUG:urllib3.connectionpool:Starting new HTTPS connection (1): transkribus.eu:443
2023-05-20 22:00:07,152 DEBUG:urllib3.connectionpool:https://transkribus.eu:443 "POST /processing/v1/processes HTTP/1.1" 200 66
2023-05-20 22:00:07,152 INFO:root:Item F0121 image 1 has process ID 5025364.
2023-05-20 22:00:07,153 INFO:root:Item F0121 processed.
2023-05-20 22:00:07,160 DEBUG:urllib3.connectionpool:Starting new HTTPS connection (1): transkribus.eu:443
2023-05-20 22:00:07,608 DEBUG:urllib3.connectionpool:https://transkribus.eu:443 "POST /processing/v1/processes HTTP/1.1" 200 66
2023-05-20 22:00:07,609 INFO:root:Item F0122 image 1 has process ID 5025365.
2023-05-20 22:00:07,610 INFO:root:Item F0122 processed.
2023-05-20 22:00:07,613 DEBUG:urllib3.connectionpool:Starting new HTTPS connection (1): transkribus.eu:443
2023-05-20 22:00:08,095 DEBUG:urllib3.connectionpool:https://transkribus.eu:443 "POST /processing/v1/processes HTTP/1.1" 200 66
2023-05-20 22:00:08,095 INFO:root:Item F0123 image 1 has process ID 5025367.
2023-05-20 22:00:08,097 INFO:root:Item F0123 processed.
2023-05-20 22:00:08,104 DEBUG:urllib3.connectionpool:Starting new HTTPS connection (1): transkribus.eu:443
2023-05-20 22:00:08,535 DEBUG:urllib3.connectionpool:https://transkribus.eu:443 "POST /processing/v1/processes HTTP/1.1" 200 66
2023-05-20 22:00:08,535 INFO:root:Item F0124 image 1 has process ID 5025368.
2023-05-20 22:00:08,537 INFO:root:Item F0124 processed.
2023-05-20 22:00:08,542 DEBUG:urllib3.connectionpool:Starting new HTTPS connection (1): transkribus.eu:443
2023-05-20 22:00:09,000 DEBUG:urllib3.connectionpool:https://transkribus.eu:443 "POST /processing/v1/processes HTTP/1.1" 200 66
2023-05-20 22:00:09,000 INFO:root:Item F0125 image 1 has process ID 5025369.
2023-05-20 22:00:09,001 INFO:root:Item F0125 processed.
2023-05-20 22:00:09,008 DEBUG:urllib3.connectionpool:Starting new HTTPS connection (1): transkribus.eu:443
2023-05-20 22:00:09,413 DEBUG:urllib3.connectionpool:https://transkribus.eu:443 "POST /processing/v1/processes HTTP/1.1" 200 66
2023-05-20 22:00:09,414 INFO:root:Item F0126 image 1 has process ID 5025370.
2023-05-20 22:00:09,415 INFO:root:Item F0126 processed.
2023-05-20 22:00:09,419 DEBUG:urllib3.connectionpool:Starting new HTTPS connection (1): transkribus.eu:443
2023-05-20 22:00:09,846 DEBUG:urllib3.connectionpool:https://transkribus.eu:443 "POST /processing/v1/processes HTTP/1.1" 200 66
2023-05-20 22:00:09,847 INFO:root:Item F0127 image 1 has process ID 5025371.
2023-05-20 22:00:09,848 INFO:root:Item F0127 processed.
2023-05-20 22:00:09,852 DEBUG:urllib3.connectionpool:Starting new HTTPS connection (1): transkribus.eu:443
2023-05-20 22:00:10,339 DEBUG:urllib3.connectionpool:https://transkribus.eu:443 "POST /processing/v1/processes HTTP/1.1" 200 66
2023-05-20 22:00:10,339 INFO:root:Item F0128 image 1 has process ID 5025372.
2023-05-20 22:00:10,341 INFO:root:Item F0128 processed.
2023-05-20 22:00:10,345 DEBUG:urllib3.connectionpool:Starting new HTTPS connection (1): transkribus.eu:443
2023-05-20 22:00:10,806 DEBUG:urllib3.connectionpool:https://transkribus.eu:443 "POST /processing/v1/processes HTTP/1.1" 200 66
2023-05-20 22:00:10,807 INFO:root:Item F0129 image 1 has process ID 5025373.
2023-05-20 22:00:10,808 INFO:root:Item F0129 processed.
2023-05-20 22:00:10,812 DEBUG:urllib3.connectionpool:Starting new HTTPS connection (1): transkribus.eu:443
2023-05-20 22:00:11,235 DEBUG:urllib3.connectionpool:https://transkribus.eu:443 "POST /processing/v1/processes HTTP/1.1" 200 66
2023-05-20 22:00:11,235 INFO:root:Item F0130 image 1 has process ID 5025374.
2023-05-20 22:00:11,237 INFO:root:Item F0130 processed.
2023-05-20 22:00:11,243 DEBUG:urllib3.connectionpool:Starting new HTTPS connection (1): transkribus.eu:443
2023-05-20 22:00:11,654 DEBUG:urllib3.connectionpool:https://transkribus.eu:443 "POST /processing/v1/processes HTTP/1.1" 200 66
2023-05-20 22:00:11,654 INFO:root:Item F0131 image 1 has process ID 5025375.
2023-05-20 22:00:11,655 INFO:root:Item F0131 processed.
2023-05-20 22:00:11,659 DEBUG:urllib3.connectionpool:Starting new HTTPS connection (1): transkribus.eu:443
2023-05-20 22:00:12,158 DEBUG:urllib3.connectionpool:https://transkribus.eu:443 "POST /processing/v1/processes HTTP/1.1" 200 66
2023-05-20 22:00:12,159 INFO:root:Item F0132 image 1 has process ID 5025376.
2023-05-20 22:00:12,160 INFO:root:Item F0132 processed.
2023-05-20 22:00:12,167 DEBUG:urllib3.connectionpool:Starting new HTTPS connection (1): transkribus.eu:443
2023-05-20 22:00:12,655 DEBUG:urllib3.connectionpool:https://transkribus.eu:443 "POST /processing/v1/processes HTTP/1.1" 200 66
2023-05-20 22:00:12,655 INFO:root:Item F0133 image 1 has process ID 5025377.
2023-05-20 22:00:12,657 INFO:root:Item F0133 processed.
2023-05-20 22:00:12,663 DEBUG:urllib3.connectionpool:Starting new HTTPS connection (1): transkribus.eu:443
2023-05-20 22:00:13,075 DEBUG:urllib3.connectionpool:https://transkribus.eu:443 "POST /processing/v1/processes HTTP/1.1" 200 66
2023-05-20 22:00:13,075 INFO:root:Item F0134 image 1 has process ID 5025378.
2023-05-20 22:00:13,077 INFO:root:Item F0134 processed.
2023-05-20 22:00:13,083 DEBUG:urllib3.connectionpool:Starting new HTTPS connection (1): transkribus.eu:443
2023-05-20 22:00:13,510 DEBUG:urllib3.connectionpool:https://transkribus.eu:443 "POST /processing/v1/processes HTTP/1.1" 200 66
2023-05-20 22:00:13,510 INFO:root:Item F0135 image 1 has process ID 5025379.
2023-05-20 22:00:13,512 INFO:root:Item F0135 processed.
2023-05-20 22:00:13,517 DEBUG:urllib3.connectionpool:Starting new HTTPS connection (1): transkribus.eu:443
2023-05-20 22:00:13,938 DEBUG:urllib3.connectionpool:https://transkribus.eu:443 "POST /processing/v1/processes HTTP/1.1" 200 66
2023-05-20 22:00:13,938 INFO:root:Item F0136 image 1 has process ID 5025380.
2023-05-20 22:00:13,940 INFO:root:Item F0136 processed.
2023-05-20 22:00:13,946 DEBUG:urllib3.connectionpool:Starting new HTTPS connection (1): transkribus.eu:443
2023-05-20 22:00:14,344 DEBUG:urllib3.connectionpool:https://transkribus.eu:443 "POST /processing/v1/processes HTTP/1.1" 200 66
2023-05-20 22:00:14,344 INFO:root:Item F0137 image 1 has process ID 5025381.
2023-05-20 22:00:14,346 INFO:root:Item F0137 processed.
2023-05-20 22:00:14,352 DEBUG:urllib3.connectionpool:Starting new HTTPS connection (1): transkribus.eu:443
2023-05-20 22:00:14,829 DEBUG:urllib3.connectionpool:https://transkribus.eu:443 "POST /processing/v1/processes HTTP/1.1" 200 66
2023-05-20 22:00:14,830 INFO:root:Item F0138 image 1 has process ID 5025382.
2023-05-20 22:00:14,831 INFO:root:Item F0138 processed.
2023-05-20 22:00:14,834 DEBUG:urllib3.connectionpool:Starting new HTTPS connection (1): transkribus.eu:443
2023-05-20 22:00:15,272 DEBUG:urllib3.connectionpool:https://transkribus.eu:443 "POST /processing/v1/processes HTTP/1.1" 200 66
2023-05-20 22:00:15,273 INFO:root:Item F0139 image 1 has process ID 5025383.
2023-05-20 22:00:15,274 INFO:root:Item F0139 processed.
2023-05-20 22:00:15,278 DEBUG:urllib3.connectionpool:Starting new HTTPS connection (1): transkribus.eu:443
2023-05-20 22:00:15,685 DEBUG:urllib3.connectionpool:https://transkribus.eu:443 "POST /processing/v1/processes HTTP/1.1" 200 66
2023-05-20 22:00:15,685 INFO:root:Item F0140 image 1 has process ID 5025384.
2023-05-20 22:00:15,686 INFO:root:Item F0140 processed.
2023-05-20 22:00:15,690 DEBUG:urllib3.connectionpool:Starting new HTTPS connection (1): transkribus.eu:443
2023-05-20 22:00:16,129 DEBUG:urllib3.connectionpool:https://transkribus.eu:443 "POST /processing/v1/processes HTTP/1.1" 200 66
2023-05-20 22:00:16,129 INFO:root:Item F0141 image 1 has process ID 5025385.
2023-05-20 22:00:16,130 INFO:root:Item F0141 processed.
2023-05-20 22:00:16,136 DEBUG:urllib3.connectionpool:Starting new HTTPS connection (1): transkribus.eu:443
2023-05-20 22:00:16,597 DEBUG:urllib3.connectionpool:https://transkribus.eu:443 "POST /processing/v1/processes HTTP/1.1" 200 66
2023-05-20 22:00:16,597 INFO:root:Item F0142 image 1 has process ID 5025386.
2023-05-20 22:00:16,599 INFO:root:Item F0142 processed.
2023-05-20 22:00:16,605 DEBUG:urllib3.connectionpool:Starting new HTTPS connection (1): transkribus.eu:443
2023-05-20 22:00:17,128 DEBUG:urllib3.connectionpool:https://transkribus.eu:443 "POST /processing/v1/processes HTTP/1.1" 200 66
2023-05-20 22:00:17,128 INFO:root:Item F0143 image 1 has process ID 5025387.
2023-05-20 22:00:17,129 INFO:root:Item F0143 processed.
2023-05-20 22:00:17,136 DEBUG:urllib3.connectionpool:Starting new HTTPS connection (1): transkribus.eu:443
2023-05-20 22:00:17,579 DEBUG:urllib3.connectionpool:https://transkribus.eu:443 "POST /processing/v1/processes HTTP/1.1" 200 66
2023-05-20 22:00:17,579 INFO:root:Item F0144 image 1 has process ID 5025388.
2023-05-20 22:00:17,580 INFO:root:Item F0144 processed.
2023-05-20 22:00:17,583 DEBUG:urllib3.connectionpool:Starting new HTTPS connection (1): transkribus.eu:443
2023-05-20 22:00:18,042 DEBUG:urllib3.connectionpool:https://transkribus.eu:443 "POST /processing/v1/processes HTTP/1.1" 200 66
2023-05-20 22:00:18,042 INFO:root:Item F0145 image 1 has process ID 5025389.
2023-05-20 22:00:18,044 INFO:root:Item F0145 processed.
2023-05-20 22:00:18,049 DEBUG:urllib3.connectionpool:Starting new HTTPS connection (1): transkribus.eu:443
2023-05-20 22:00:18,481 DEBUG:urllib3.connectionpool:https://transkribus.eu:443 "POST /processing/v1/processes HTTP/1.1" 200 66
2023-05-20 22:00:18,482 INFO:root:Item F0146 image 1 has process ID 5025390.
2023-05-20 22:00:18,483 INFO:root:Item F0146 processed.
2023-05-20 22:00:18,490 DEBUG:urllib3.connectionpool:Starting new HTTPS connection (1): transkribus.eu:443
2023-05-20 22:00:18,906 DEBUG:urllib3.connectionpool:https://transkribus.eu:443 "POST /processing/v1/processes HTTP/1.1" 200 66
2023-05-20 22:00:18,906 INFO:root:Item F0147 image 1 has process ID 5025391.
2023-05-20 22:00:18,907 INFO:root:Item F0147 processed.
2023-05-20 22:00:18,915 DEBUG:urllib3.connectionpool:Starting new HTTPS connection (1): transkribus.eu:443
2023-05-20 22:00:19,396 DEBUG:urllib3.connectionpool:https://transkribus.eu:443 "POST /processing/v1/processes HTTP/1.1" 200 66
2023-05-20 22:00:19,397 INFO:root:Item F0148 image 1 has process ID 5025392.
2023-05-20 22:00:19,398 INFO:root:Item F0148 processed.
2023-05-20 22:00:19,407 DEBUG:urllib3.connectionpool:Starting new HTTPS connection (1): transkribus.eu:443
2023-05-20 22:00:19,958 DEBUG:urllib3.connectionpool:https://transkribus.eu:443 "POST /processing/v1/processes HTTP/1.1" 200 66
2023-05-20 22:00:19,959 INFO:root:Item F0149 image 1 has process ID 5025393.
2023-05-20 22:00:19,960 INFO:root:Item F0149 processed.
2023-05-20 22:00:19,967 DEBUG:urllib3.connectionpool:Starting new HTTPS connection (1): transkribus.eu:443
2023-05-20 22:00:20,523 DEBUG:urllib3.connectionpool:https://transkribus.eu:443 "POST /processing/v1/processes HTTP/1.1" 200 66
2023-05-20 22:00:20,523 INFO:root:Item F0150 image 1 has process ID 5025394.
2023-05-20 22:00:20,524 INFO:root:Item F0150 processed.
2023-05-20 22:00:20,532 DEBUG:urllib3.connectionpool:Starting new HTTPS connection (1): transkribus.eu:443
2023-05-20 22:00:21,057 DEBUG:urllib3.connectionpool:https://transkribus.eu:443 "POST /processing/v1/processes HTTP/1.1" 200 66
2023-05-20 22:00:21,057 INFO:root:Item F0151 image 1 has process ID 5025395.
2023-05-20 22:00:21,058 INFO:root:Item F0151 processed.
2023-05-20 22:00:21,068 DEBUG:urllib3.connectionpool:Starting new HTTPS connection (1): transkribus.eu:443
2023-05-20 22:00:21,586 DEBUG:urllib3.connectionpool:https://transkribus.eu:443 "POST /processing/v1/processes HTTP/1.1" 200 66
2023-05-20 22:00:21,586 INFO:root:Item F0152 image 1 has process ID 5025396.
2023-05-20 22:00:21,588 INFO:root:Item F0152 processed.
2023-05-20 22:00:21,593 DEBUG:urllib3.connectionpool:Starting new HTTPS connection (1): transkribus.eu:443
2023-05-20 22:00:22,329 DEBUG:urllib3.connectionpool:https://transkribus.eu:443 "POST /processing/v1/processes HTTP/1.1" 200 66
2023-05-20 22:00:22,329 INFO:root:Item F0153 image 1 has process ID 5025397.
2023-05-20 22:00:22,331 INFO:root:Item F0153 processed.
2023-05-20 22:00:22,339 DEBUG:urllib3.connectionpool:Starting new HTTPS connection (1): transkribus.eu:443
2023-05-20 22:00:22,848 DEBUG:urllib3.connectionpool:https://transkribus.eu:443 "POST /processing/v1/processes HTTP/1.1" 200 66
2023-05-20 22:00:22,849 INFO:root:Item F0154 image 1 has process ID 5025398.
2023-05-20 22:00:22,850 INFO:root:Item F0154 processed.
2023-05-20 22:00:22,860 DEBUG:urllib3.connectionpool:Starting new HTTPS connection (1): transkribus.eu:443
2023-05-20 22:00:23,424 DEBUG:urllib3.connectionpool:https://transkribus.eu:443 "POST /processing/v1/processes HTTP/1.1" 200 66
2023-05-20 22:00:23,424 INFO:root:Item F0155 image 1 has process ID 5025399.
2023-05-20 22:00:23,425 INFO:root:Item F0155 processed.
2023-05-20 22:00:23,435 DEBUG:urllib3.connectionpool:Starting new HTTPS connection (1): transkribus.eu:443
2023-05-20 22:00:23,939 DEBUG:urllib3.connectionpool:https://transkribus.eu:443 "POST /processing/v1/processes HTTP/1.1" 200 66
2023-05-20 22:00:23,939 INFO:root:Item F0156 image 1 has process ID 5025400.
2023-05-20 22:00:23,940 INFO:root:Item F0156 processed.
2023-05-20 22:00:23,946 DEBUG:urllib3.connectionpool:Starting new HTTPS connection (1): transkribus.eu:443
2023-05-20 22:00:24,444 DEBUG:urllib3.connectionpool:https://transkribus.eu:443 "POST /processing/v1/processes HTTP/1.1" 200 66
2023-05-20 22:00:24,444 INFO:root:Item F0157 image 1 has process ID 5025401.
2023-05-20 22:00:24,445 INFO:root:Item F0157 processed.
2023-05-20 22:00:24,456 DEBUG:urllib3.connectionpool:Starting new HTTPS connection (1): transkribus.eu:443
2023-05-20 22:00:24,987 DEBUG:urllib3.connectionpool:https://transkribus.eu:443 "POST /processing/v1/processes HTTP/1.1" 200 66
2023-05-20 22:00:24,987 INFO:root:Item F0158 image 1 has process ID 5025402.
2023-05-20 22:00:24,988 INFO:root:Item F0158 processed.
2023-05-20 22:00:24,996 DEBUG:urllib3.connectionpool:Starting new HTTPS connection (1): transkribus.eu:443
2023-05-20 22:00:25,515 DEBUG:urllib3.connectionpool:https://transkribus.eu:443 "POST /processing/v1/processes HTTP/1.1" 200 66
2023-05-20 22:00:25,516 INFO:root:Item F0159 image 1 has process ID 5025403.
2023-05-20 22:00:25,517 INFO:root:Item F0159 processed.
2023-05-20 22:00:25,526 DEBUG:urllib3.connectionpool:Starting new HTTPS connection (1): transkribus.eu:443
2023-05-20 22:00:26,091 DEBUG:urllib3.connectionpool:https://transkribus.eu:443 "POST /processing/v1/processes HTTP/1.1" 200 66
2023-05-20 22:00:26,091 INFO:root:Item F0160 image 1 has process ID 5025404.
2023-05-20 22:00:26,092 INFO:root:Item F0160 processed.
2023-05-20 22:00:26,098 DEBUG:urllib3.connectionpool:Starting new HTTPS connection (1): transkribus.eu:443
2023-05-20 22:00:26,740 DEBUG:urllib3.connectionpool:https://transkribus.eu:443 "POST /processing/v1/processes HTTP/1.1" 200 66
2023-05-20 22:00:26,740 INFO:root:Item F0161 image 1 has process ID 5025405.
2023-05-20 22:00:26,741 INFO:root:Item F0161 processed.
2023-05-20 22:00:26,747 DEBUG:urllib3.connectionpool:Starting new HTTPS connection (1): transkribus.eu:443
2023-05-20 22:00:27,231 DEBUG:urllib3.connectionpool:https://transkribus.eu:443 "POST /processing/v1/processes HTTP/1.1" 200 66
2023-05-20 22:00:27,231 INFO:root:Item F0162 image 1 has process ID 5025406.
2023-05-20 22:00:27,232 INFO:root:Item F0162 processed.
2023-05-20 22:00:27,239 DEBUG:urllib3.connectionpool:Starting new HTTPS connection (1): transkribus.eu:443
2023-05-20 22:00:27,700 DEBUG:urllib3.connectionpool:https://transkribus.eu:443 "POST /processing/v1/processes HTTP/1.1" 200 66
2023-05-20 22:00:27,700 INFO:root:Item F0164 image 1 has process ID 5025407.
2023-05-20 22:00:27,702 INFO:root:Item F0164 processed.
2023-05-20 22:00:27,706 DEBUG:urllib3.connectionpool:Starting new HTTPS connection (1): transkribus.eu:443
2023-05-20 22:00:28,168 DEBUG:urllib3.connectionpool:https://transkribus.eu:443 "POST /processing/v1/processes HTTP/1.1" 200 66
2023-05-20 22:00:28,169 INFO:root:Item F0165 image 1 has process ID 5025408.
2023-05-20 22:00:28,170 INFO:root:Item F0165 processed.
2023-05-20 22:00:28,181 DEBUG:urllib3.connectionpool:Starting new HTTPS connection (1): transkribus.eu:443
2023-05-20 22:00:28,723 DEBUG:urllib3.connectionpool:https://transkribus.eu:443 "POST /processing/v1/processes HTTP/1.1" 200 66
2023-05-20 22:00:28,723 INFO:root:Item F0166 image 1 has process ID 5025409.
2023-05-20 22:00:28,725 INFO:root:Item F0166 processed.
2023-05-20 22:00:28,735 DEBUG:urllib3.connectionpool:Starting new HTTPS connection (1): transkribus.eu:443
2023-05-20 22:00:29,247 DEBUG:urllib3.connectionpool:https://transkribus.eu:443 "POST /processing/v1/processes HTTP/1.1" 200 66
2023-05-20 22:00:29,248 INFO:root:Item F0167 image 1 has process ID 5025410.
2023-05-20 22:00:29,249 INFO:root:Item F0167 processed.
2023-05-20 22:00:29,257 DEBUG:urllib3.connectionpool:Starting new HTTPS connection (1): transkribus.eu:443
2023-05-20 22:00:29,818 DEBUG:urllib3.connectionpool:https://transkribus.eu:443 "POST /processing/v1/processes HTTP/1.1" 200 66
2023-05-20 22:00:29,818 INFO:root:Item F0168 image 1 has process ID 5025411.
2023-05-20 22:00:29,820 INFO:root:Item F0168 processed.
2023-05-20 22:00:29,829 DEBUG:urllib3.connectionpool:Starting new HTTPS connection (1): transkribus.eu:443
2023-05-20 22:00:30,435 DEBUG:urllib3.connectionpool:https://transkribus.eu:443 "POST /processing/v1/processes HTTP/1.1" 200 66
2023-05-20 22:00:30,435 INFO:root:Item F0169 image 1 has process ID 5025412.
2023-05-20 22:00:30,437 INFO:root:Item F0169 processed.
2023-05-20 22:00:30,443 DEBUG:urllib3.connectionpool:Starting new HTTPS connection (1): transkribus.eu:443
2023-05-20 22:00:30,965 DEBUG:urllib3.connectionpool:https://transkribus.eu:443 "POST /processing/v1/processes HTTP/1.1" 200 66
2023-05-20 22:00:30,966 INFO:root:Item F0170 image 1 has process ID 5025413.
2023-05-20 22:00:30,967 INFO:root:Item F0170 processed.
2023-05-20 22:00:30,977 DEBUG:urllib3.connectionpool:Starting new HTTPS connection (1): transkribus.eu:443
2023-05-20 22:00:31,522 DEBUG:urllib3.connectionpool:https://transkribus.eu:443 "POST /processing/v1/processes HTTP/1.1" 200 66
2023-05-20 22:00:31,523 INFO:root:Item F0171 image 1 has process ID 5025414.
2023-05-20 22:00:31,524 INFO:root:Item F0171 processed.
2023-05-20 22:00:31,533 DEBUG:urllib3.connectionpool:Starting new HTTPS connection (1): transkribus.eu:443
2023-05-20 22:00:32,081 DEBUG:urllib3.connectionpool:https://transkribus.eu:443 "POST /processing/v1/processes HTTP/1.1" 200 66
2023-05-20 22:00:32,082 INFO:root:Item F0172 image 1 has process ID 5025415.
2023-05-20 22:00:32,083 INFO:root:Item F0172 processed.
2023-05-20 22:00:32,086 DEBUG:urllib3.connectionpool:Starting new HTTPS connection (1): transkribus.eu:443
2023-05-20 22:00:32,489 DEBUG:urllib3.connectionpool:https://transkribus.eu:443 "POST /processing/v1/processes HTTP/1.1" 200 66
2023-05-20 22:00:32,489 INFO:root:Item F0173 image 1 has process ID 5025416.
2023-05-20 22:00:32,490 INFO:root:Item F0173 processed.
2023-05-20 22:00:32,499 DEBUG:urllib3.connectionpool:Starting new HTTPS connection (1): transkribus.eu:443
2023-05-20 22:00:33,012 DEBUG:urllib3.connectionpool:https://transkribus.eu:443 "POST /processing/v1/processes HTTP/1.1" 200 66
2023-05-20 22:00:33,013 INFO:root:Item F0174 image 1 has process ID 5025417.
2023-05-20 22:00:33,014 INFO:root:Item F0174 processed.
2023-05-20 22:00:33,023 DEBUG:urllib3.connectionpool:Starting new HTTPS connection (1): transkribus.eu:443
2023-05-20 22:00:33,522 DEBUG:urllib3.connectionpool:https://transkribus.eu:443 "POST /processing/v1/processes HTTP/1.1" 200 66
2023-05-20 22:00:33,522 INFO:root:Item F0175 image 1 has process ID 5025418.
2023-05-20 22:00:33,523 INFO:root:Item F0175 processed.
2023-05-20 22:00:33,532 DEBUG:urllib3.connectionpool:Starting new HTTPS connection (1): transkribus.eu:443
2023-05-20 22:00:34,434 DEBUG:urllib3.connectionpool:https://transkribus.eu:443 "POST /processing/v1/processes HTTP/1.1" 200 66
2023-05-20 22:00:34,434 INFO:root:Item F0176 image 1 has process ID 5025419.
2023-05-20 22:00:34,435 INFO:root:Item F0176 processed.
2023-05-20 22:00:34,442 DEBUG:urllib3.connectionpool:Starting new HTTPS connection (1): transkribus.eu:443
2023-05-20 22:00:35,193 DEBUG:urllib3.connectionpool:https://transkribus.eu:443 "POST /processing/v1/processes HTTP/1.1" 200 66
2023-05-20 22:00:35,193 INFO:root:Item F0177 image 1 has process ID 5025420.
2023-05-20 22:00:35,195 INFO:root:Item F0177 processed.
2023-05-20 22:00:35,205 DEBUG:urllib3.connectionpool:Starting new HTTPS connection (1): transkribus.eu:443
2023-05-20 22:00:35,983 DEBUG:urllib3.connectionpool:https://transkribus.eu:443 "POST /processing/v1/processes HTTP/1.1" 200 66
2023-05-20 22:00:35,984 INFO:root:Item F0178 image 1 has process ID 5025421.
2023-05-20 22:00:35,985 INFO:root:Item F0178 processed.
2023-05-20 22:00:35,993 DEBUG:urllib3.connectionpool:Starting new HTTPS connection (1): transkribus.eu:443
2023-05-20 22:00:36,609 DEBUG:urllib3.connectionpool:https://transkribus.eu:443 "POST /processing/v1/processes HTTP/1.1" 200 66
2023-05-20 22:00:36,610 INFO:root:Item F0179 image 1 has process ID 5025422.
2023-05-20 22:00:36,611 INFO:root:Item F0179 processed.
2023-05-20 22:00:36,621 DEBUG:urllib3.connectionpool:Starting new HTTPS connection (1): transkribus.eu:443
2023-05-20 22:00:37,157 DEBUG:urllib3.connectionpool:https://transkribus.eu:443 "POST /processing/v1/processes HTTP/1.1" 200 66
2023-05-20 22:00:37,158 INFO:root:Item F0180 image 1 has process ID 5025423.
2023-05-20 22:00:37,159 INFO:root:Item F0180 processed.
2023-05-20 22:00:37,169 DEBUG:urllib3.connectionpool:Starting new HTTPS connection (1): transkribus.eu:443
2023-05-20 22:00:37,723 DEBUG:urllib3.connectionpool:https://transkribus.eu:443 "POST /processing/v1/processes HTTP/1.1" 200 66
2023-05-20 22:00:37,723 INFO:root:Item F0181 image 1 has process ID 5025424.
2023-05-20 22:00:37,725 INFO:root:Item F0181 processed.
2023-05-20 22:00:37,730 DEBUG:urllib3.connectionpool:Starting new HTTPS connection (1): transkribus.eu:443
2023-05-20 22:00:38,231 DEBUG:urllib3.connectionpool:https://transkribus.eu:443 "POST /processing/v1/processes HTTP/1.1" 200 66
2023-05-20 22:00:38,232 INFO:root:Item F0182 image 1 has process ID 5025425.
2023-05-20 22:00:38,233 INFO:root:Item F0182 processed.
2023-05-20 22:00:38,244 DEBUG:urllib3.connectionpool:Starting new HTTPS connection (1): transkribus.eu:443
2023-05-20 22:00:38,755 DEBUG:urllib3.connectionpool:https://transkribus.eu:443 "POST /processing/v1/processes HTTP/1.1" 200 66
2023-05-20 22:00:38,756 INFO:root:Item F0183 image 1 has process ID 5025426.
2023-05-20 22:00:38,757 INFO:root:Item F0183 processed.
2023-05-20 22:00:38,763 DEBUG:urllib3.connectionpool:Starting new HTTPS connection (1): transkribus.eu:443
2023-05-20 22:00:39,262 DEBUG:urllib3.connectionpool:https://transkribus.eu:443 "POST /processing/v1/processes HTTP/1.1" 200 66
2023-05-20 22:00:39,262 INFO:root:Item F0184 image 1 has process ID 5025427.
2023-05-20 22:00:39,263 INFO:root:Item F0184 processed.
2023-05-20 22:00:39,275 DEBUG:urllib3.connectionpool:Starting new HTTPS connection (1): transkribus.eu:443
2023-05-20 22:00:39,796 DEBUG:urllib3.connectionpool:https://transkribus.eu:443 "POST /processing/v1/processes HTTP/1.1" 200 66
2023-05-20 22:00:39,796 INFO:root:Item F0185 image 1 has process ID 5025428.
2023-05-20 22:00:39,798 INFO:root:Item F0185 processed.
2023-05-20 22:00:39,801 DEBUG:urllib3.connectionpool:Starting new HTTPS connection (1): transkribus.eu:443
2023-05-20 22:00:40,199 DEBUG:urllib3.connectionpool:https://transkribus.eu:443 "POST /processing/v1/processes HTTP/1.1" 200 66
2023-05-20 22:00:40,199 INFO:root:Item F0186 image 1 has process ID 5025429.
2023-05-20 22:00:40,200 INFO:root:Item F0186 processed.
2023-05-20 22:00:40,204 DEBUG:urllib3.connectionpool:Starting new HTTPS connection (1): transkribus.eu:443
2023-05-20 22:00:40,621 DEBUG:urllib3.connectionpool:https://transkribus.eu:443 "POST /processing/v1/processes HTTP/1.1" 200 66
2023-05-20 22:00:40,621 INFO:root:Item F0187 image 1 has process ID 5025430.
2023-05-20 22:00:40,622 INFO:root:Item F0187 processed.
2023-05-20 22:00:40,629 DEBUG:urllib3.connectionpool:Starting new HTTPS connection (1): transkribus.eu:443
2023-05-20 22:00:41,029 DEBUG:urllib3.connectionpool:https://transkribus.eu:443 "POST /processing/v1/processes HTTP/1.1" 200 66
2023-05-20 22:00:41,030 INFO:root:Item F0188 image 1 has process ID 5025431.
2023-05-20 22:00:41,031 INFO:root:Item F0188 processed.
2023-05-20 22:00:41,039 DEBUG:urllib3.connectionpool:Starting new HTTPS connection (1): transkribus.eu:443
2023-05-20 22:00:41,507 DEBUG:urllib3.connectionpool:https://transkribus.eu:443 "POST /processing/v1/processes HTTP/1.1" 200 66
2023-05-20 22:00:41,507 INFO:root:Item F0189 image 1 has process ID 5025432.
2023-05-20 22:00:41,508 INFO:root:Item F0189 processed.
2023-05-20 22:00:41,512 DEBUG:urllib3.connectionpool:Starting new HTTPS connection (1): transkribus.eu:443
2023-05-20 22:00:41,941 DEBUG:urllib3.connectionpool:https://transkribus.eu:443 "POST /processing/v1/processes HTTP/1.1" 200 66
2023-05-20 22:00:41,941 INFO:root:Item F0190 image 1 has process ID 5025433.
2023-05-20 22:00:41,942 INFO:root:Item F0190 processed.
2023-05-20 22:00:41,950 DEBUG:urllib3.connectionpool:Starting new HTTPS connection (1): transkribus.eu:443
2023-05-20 22:00:42,350 DEBUG:urllib3.connectionpool:https://transkribus.eu:443 "POST /processing/v1/processes HTTP/1.1" 200 66
2023-05-20 22:00:42,351 INFO:root:Item F0191 image 1 has process ID 5025434.
2023-05-20 22:00:42,352 INFO:root:Item F0191 processed.
2023-05-20 22:00:42,358 DEBUG:urllib3.connectionpool:Starting new HTTPS connection (1): transkribus.eu:443
2023-05-20 22:00:42,759 DEBUG:urllib3.connectionpool:https://transkribus.eu:443 "POST /processing/v1/processes HTTP/1.1" 200 66
2023-05-20 22:00:42,759 INFO:root:Item F0192 image 1 has process ID 5025435.
2023-05-20 22:00:42,760 INFO:root:Item F0192 processed.
2023-05-20 22:00:42,768 DEBUG:urllib3.connectionpool:Starting new HTTPS connection (1): transkribus.eu:443
2023-05-20 22:00:43,272 DEBUG:urllib3.connectionpool:https://transkribus.eu:443 "POST /processing/v1/processes HTTP/1.1" 200 66
2023-05-20 22:00:43,272 INFO:root:Item F0193 image 1 has process ID 5025436.
2023-05-20 22:00:43,274 INFO:root:Item F0193 processed.
2023-05-20 22:00:43,282 DEBUG:urllib3.connectionpool:Starting new HTTPS connection (1): transkribus.eu:443
2023-05-20 22:00:43,755 DEBUG:urllib3.connectionpool:https://transkribus.eu:443 "POST /processing/v1/processes HTTP/1.1" 200 66
2023-05-20 22:00:43,755 INFO:root:Item F0194 image 1 has process ID 5025437.
2023-05-20 22:00:43,756 INFO:root:Item F0194 processed.
2023-05-20 22:00:43,765 DEBUG:urllib3.connectionpool:Starting new HTTPS connection (1): transkribus.eu:443
2023-05-20 22:00:44,247 DEBUG:urllib3.connectionpool:https://transkribus.eu:443 "POST /processing/v1/processes HTTP/1.1" 200 66
2023-05-20 22:00:44,247 INFO:root:Item F0195 image 1 has process ID 5025439.
2023-05-20 22:00:44,248 INFO:root:Item F0195 processed.
2023-05-20 22:00:44,251 DEBUG:urllib3.connectionpool:Starting new HTTPS connection (1): transkribus.eu:443
2023-05-20 22:00:44,661 DEBUG:urllib3.connectionpool:https://transkribus.eu:443 "POST /processing/v1/processes HTTP/1.1" 200 66
2023-05-20 22:00:44,661 INFO:root:Item F0196 image 1 has process ID 5025440.
2023-05-20 22:00:44,662 INFO:root:Item F0196 processed.
2023-05-20 22:00:44,669 DEBUG:urllib3.connectionpool:Starting new HTTPS connection (1): transkribus.eu:443
2023-05-20 22:00:45,355 DEBUG:urllib3.connectionpool:https://transkribus.eu:443 "POST /processing/v1/processes HTTP/1.1" 200 66
2023-05-20 22:00:45,355 INFO:root:Item F0197 image 1 has process ID 5025441.
2023-05-20 22:00:45,357 INFO:root:Item F0197 processed.
2023-05-20 22:00:45,360 DEBUG:urllib3.connectionpool:Starting new HTTPS connection (1): transkribus.eu:443
2023-05-20 22:00:45,761 DEBUG:urllib3.connectionpool:https://transkribus.eu:443 "POST /processing/v1/processes HTTP/1.1" 200 66
2023-05-20 22:00:45,762 INFO:root:Item F0198 image 1 has process ID 5025442.
2023-05-20 22:00:45,763 INFO:root:Item F0198 processed.
2023-05-20 22:00:45,769 DEBUG:urllib3.connectionpool:Starting new HTTPS connection (1): transkribus.eu:443
2023-05-20 22:00:46,149 DEBUG:urllib3.connectionpool:https://transkribus.eu:443 "POST /processing/v1/processes HTTP/1.1" 200 66
2023-05-20 22:00:46,149 INFO:root:Item F0199 image 1 has process ID 5025443.
2023-05-20 22:00:46,151 INFO:root:Item F0199 processed.
2023-05-20 22:00:46,158 DEBUG:urllib3.connectionpool:Starting new HTTPS connection (1): transkribus.eu:443
2023-05-20 22:00:46,707 DEBUG:urllib3.connectionpool:https://transkribus.eu:443 "POST /processing/v1/processes HTTP/1.1" 200 66
2023-05-20 22:00:46,707 INFO:root:Item F0200 image 1 has process ID 5025444.
2023-05-20 22:00:46,709 INFO:root:Item F0200 processed.
2023-05-20 22:00:46,716 DEBUG:urllib3.connectionpool:Starting new HTTPS connection (1): transkribus.eu:443
2023-05-20 22:00:47,184 DEBUG:urllib3.connectionpool:https://transkribus.eu:443 "POST /processing/v1/processes HTTP/1.1" 200 66
2023-05-20 22:00:47,184 INFO:root:Item F0201 image 1 has process ID 5025445.
2023-05-20 22:00:47,185 INFO:root:Item F0201 processed.
2023-05-20 22:00:47,192 DEBUG:urllib3.connectionpool:Starting new HTTPS connection (1): transkribus.eu:443
2023-05-20 22:00:47,620 DEBUG:urllib3.connectionpool:https://transkribus.eu:443 "POST /processing/v1/processes HTTP/1.1" 200 66
2023-05-20 22:00:47,621 INFO:root:Item F0202 image 1 has process ID 5025446.
2023-05-20 22:00:47,622 INFO:root:Item F0202 processed.
2023-05-20 22:00:47,627 DEBUG:urllib3.connectionpool:Starting new HTTPS connection (1): transkribus.eu:443
2023-05-20 22:00:48,069 DEBUG:urllib3.connectionpool:https://transkribus.eu:443 "POST /processing/v1/processes HTTP/1.1" 200 66
2023-05-20 22:00:48,069 INFO:root:Item F0203 image 1 has process ID 5025448.
2023-05-20 22:00:48,071 INFO:root:Item F0203 processed.
2023-05-20 22:00:48,075 DEBUG:urllib3.connectionpool:Starting new HTTPS connection (1): transkribus.eu:443
2023-05-20 22:00:48,525 DEBUG:urllib3.connectionpool:https://transkribus.eu:443 "POST /processing/v1/processes HTTP/1.1" 200 66
2023-05-20 22:00:48,525 INFO:root:Item F0204 image 1 has process ID 5025449.
2023-05-20 22:00:48,527 INFO:root:Item F0204 processed.
2023-05-20 22:00:48,533 DEBUG:urllib3.connectionpool:Starting new HTTPS connection (1): transkribus.eu:443
2023-05-20 22:00:48,945 DEBUG:urllib3.connectionpool:https://transkribus.eu:443 "POST /processing/v1/processes HTTP/1.1" 200 66
2023-05-20 22:00:48,945 INFO:root:Item F0205 image 1 has process ID 5025450.
2023-05-20 22:00:48,946 INFO:root:Item F0205 processed.
2023-05-20 22:00:48,953 DEBUG:urllib3.connectionpool:Starting new HTTPS connection (1): transkribus.eu:443
2023-05-20 22:00:49,357 DEBUG:urllib3.connectionpool:https://transkribus.eu:443 "POST /processing/v1/processes HTTP/1.1" 200 66
2023-05-20 22:00:49,357 INFO:root:Item F0206 image 1 has process ID 5025451.
2023-05-20 22:00:49,358 INFO:root:Item F0206 processed.
2023-05-20 22:00:49,365 DEBUG:urllib3.connectionpool:Starting new HTTPS connection (1): transkribus.eu:443
2023-05-20 22:00:49,856 DEBUG:urllib3.connectionpool:https://transkribus.eu:443 "POST /processing/v1/processes HTTP/1.1" 200 66
2023-05-20 22:00:49,856 INFO:root:Item F0207 image 1 has process ID 5025452.
2023-05-20 22:00:49,857 INFO:root:Item F0207 processed.
2023-05-20 22:00:49,863 DEBUG:urllib3.connectionpool:Starting new HTTPS connection (1): transkribus.eu:443
2023-05-20 22:00:50,236 DEBUG:urllib3.connectionpool:https://transkribus.eu:443 "POST /processing/v1/processes HTTP/1.1" 200 66
2023-05-20 22:00:50,236 INFO:root:Item F0208 image 1 has process ID 5025453.
2023-05-20 22:00:50,237 INFO:root:Item F0208 processed.
2023-05-20 22:00:50,245 DEBUG:urllib3.connectionpool:Starting new HTTPS connection (1): transkribus.eu:443
2023-05-20 22:00:50,789 DEBUG:urllib3.connectionpool:https://transkribus.eu:443 "POST /processing/v1/processes HTTP/1.1" 200 66
2023-05-20 22:00:50,790 INFO:root:Item F0209 image 1 has process ID 5025454.
2023-05-20 22:00:50,791 INFO:root:Item F0209 processed.
2023-05-20 22:00:50,794 DEBUG:urllib3.connectionpool:Starting new HTTPS connection (1): transkribus.eu:443
2023-05-20 22:00:51,193 DEBUG:urllib3.connectionpool:https://transkribus.eu:443 "POST /processing/v1/processes HTTP/1.1" 200 66
2023-05-20 22:00:51,194 INFO:root:Item F0210 image 1 has process ID 5025455.
2023-05-20 22:00:51,195 INFO:root:Item F0210 processed.
2023-05-20 22:00:51,202 DEBUG:urllib3.connectionpool:Starting new HTTPS connection (1): transkribus.eu:443
2023-05-20 22:00:51,634 DEBUG:urllib3.connectionpool:https://transkribus.eu:443 "POST /processing/v1/processes HTTP/1.1" 200 66
2023-05-20 22:00:51,635 INFO:root:Item F0211 image 1 has process ID 5025456.
2023-05-20 22:00:51,636 INFO:root:Item F0211 processed.
2023-05-20 22:00:51,639 DEBUG:urllib3.connectionpool:Starting new HTTPS connection (1): transkribus.eu:443
2023-05-20 22:00:52,144 DEBUG:urllib3.connectionpool:https://transkribus.eu:443 "POST /processing/v1/processes HTTP/1.1" 200 66
2023-05-20 22:00:52,144 INFO:root:Item F0212 image 1 has process ID 5025457.
2023-05-20 22:00:52,145 INFO:root:Item F0212 processed.
2023-05-20 22:00:52,153 DEBUG:urllib3.connectionpool:Starting new HTTPS connection (1): transkribus.eu:443
2023-05-20 22:00:52,569 DEBUG:urllib3.connectionpool:https://transkribus.eu:443 "POST /processing/v1/processes HTTP/1.1" 200 66
2023-05-20 22:00:52,569 INFO:root:Item F0213 image 1 has process ID 5025458.
2023-05-20 22:00:52,570 INFO:root:Item F0213 processed.
2023-05-20 22:00:52,576 DEBUG:urllib3.connectionpool:Starting new HTTPS connection (1): transkribus.eu:443
2023-05-20 22:00:52,997 DEBUG:urllib3.connectionpool:https://transkribus.eu:443 "POST /processing/v1/processes HTTP/1.1" 200 66
2023-05-20 22:00:52,998 INFO:root:Item F0214 image 1 has process ID 5025459.
2023-05-20 22:00:52,999 INFO:root:Item F0214 processed.
2023-05-20 22:00:53,002 DEBUG:urllib3.connectionpool:Starting new HTTPS connection (1): transkribus.eu:443
2023-05-20 22:00:53,442 DEBUG:urllib3.connectionpool:https://transkribus.eu:443 "POST /processing/v1/processes HTTP/1.1" 200 66
2023-05-20 22:00:53,443 INFO:root:Item F0215 image 1 has process ID 5025460.
2023-05-20 22:00:53,444 INFO:root:Item F0215 processed.
2023-05-20 22:00:53,453 DEBUG:urllib3.connectionpool:Starting new HTTPS connection (1): transkribus.eu:443
2023-05-20 22:00:53,882 DEBUG:urllib3.connectionpool:https://transkribus.eu:443 "POST /processing/v1/processes HTTP/1.1" 200 66
2023-05-20 22:00:53,883 INFO:root:Item F0216 image 1 has process ID 5025461.
2023-05-20 22:00:53,884 INFO:root:Item F0216 processed.
2023-05-20 22:00:53,890 DEBUG:urllib3.connectionpool:Starting new HTTPS connection (1): transkribus.eu:443
2023-05-20 22:00:54,303 DEBUG:urllib3.connectionpool:https://transkribus.eu:443 "POST /processing/v1/processes HTTP/1.1" 200 66
2023-05-20 22:00:54,304 INFO:root:Item F0217 image 1 has process ID 5025462.
2023-05-20 22:00:54,305 INFO:root:Item F0217 processed.
2023-05-20 22:00:54,312 DEBUG:urllib3.connectionpool:Starting new HTTPS connection (1): transkribus.eu:443
2023-05-20 22:00:54,774 DEBUG:urllib3.connectionpool:https://transkribus.eu:443 "POST /processing/v1/processes HTTP/1.1" 200 66
2023-05-20 22:00:54,774 INFO:root:Item F0218 image 1 has process ID 5025463.
2023-05-20 22:00:54,776 INFO:root:Item F0218 processed.
2023-05-20 22:00:54,783 DEBUG:urllib3.connectionpool:Starting new HTTPS connection (1): transkribus.eu:443
2023-05-20 22:00:55,267 DEBUG:urllib3.connectionpool:https://transkribus.eu:443 "POST /processing/v1/processes HTTP/1.1" 200 66
2023-05-20 22:00:55,268 INFO:root:Item F0219 image 1 has process ID 5025464.
2023-05-20 22:00:55,269 INFO:root:Item F0219 processed.
2023-05-20 22:00:55,277 DEBUG:urllib3.connectionpool:Starting new HTTPS connection (1): transkribus.eu:443
2023-05-20 22:00:55,751 DEBUG:urllib3.connectionpool:https://transkribus.eu:443 "POST /processing/v1/processes HTTP/1.1" 200 66
2023-05-20 22:00:55,752 INFO:root:Item F0220 image 1 has process ID 5025465.
2023-05-20 22:00:55,753 INFO:root:Item F0220 processed.
2023-05-20 22:00:55,759 DEBUG:urllib3.connectionpool:Starting new HTTPS connection (1): transkribus.eu:443
2023-05-20 22:00:56,207 DEBUG:urllib3.connectionpool:https://transkribus.eu:443 "POST /processing/v1/processes HTTP/1.1" 200 66
2023-05-20 22:00:56,208 INFO:root:Item F0221 image 1 has process ID 5025466.
2023-05-20 22:00:56,209 INFO:root:Item F0221 processed.
2023-05-20 22:00:56,217 DEBUG:urllib3.connectionpool:Starting new HTTPS connection (1): transkribus.eu:443
2023-05-20 22:00:56,717 DEBUG:urllib3.connectionpool:https://transkribus.eu:443 "POST /processing/v1/processes HTTP/1.1" 200 66
2023-05-20 22:00:56,718 INFO:root:Item F0222 image 1 has process ID 5025467.
2023-05-20 22:00:56,719 INFO:root:Item F0222 processed.
2023-05-20 22:00:56,726 DEBUG:urllib3.connectionpool:Starting new HTTPS connection (1): transkribus.eu:443
2023-05-20 22:00:57,133 DEBUG:urllib3.connectionpool:https://transkribus.eu:443 "POST /processing/v1/processes HTTP/1.1" 200 66
2023-05-20 22:00:57,133 INFO:root:Item F0223 image 1 has process ID 5025468.
2023-05-20 22:00:57,134 INFO:root:Item F0223 processed.
2023-05-20 22:00:57,141 DEBUG:urllib3.connectionpool:Starting new HTTPS connection (1): transkribus.eu:443
2023-05-20 22:00:57,552 DEBUG:urllib3.connectionpool:https://transkribus.eu:443 "POST /processing/v1/processes HTTP/1.1" 200 66
2023-05-20 22:00:57,552 INFO:root:Item F0224 image 1 has process ID 5025469.
2023-05-20 22:00:57,554 INFO:root:Item F0224 processed.
2023-05-20 22:00:57,560 DEBUG:urllib3.connectionpool:Starting new HTTPS connection (1): transkribus.eu:443
2023-05-20 22:00:57,988 DEBUG:urllib3.connectionpool:https://transkribus.eu:443 "POST /processing/v1/processes HTTP/1.1" 200 66
2023-05-20 22:00:57,988 INFO:root:Item F0225 image 1 has process ID 5025470.
2023-05-20 22:00:57,990 INFO:root:Item F0225 processed.
2023-05-20 22:00:57,995 DEBUG:urllib3.connectionpool:Starting new HTTPS connection (1): transkribus.eu:443
2023-05-20 22:00:58,415 DEBUG:urllib3.connectionpool:https://transkribus.eu:443 "POST /processing/v1/processes HTTP/1.1" 200 66
2023-05-20 22:00:58,415 INFO:root:Item F0226 image 1 has process ID 5025471.
2023-05-20 22:00:58,417 INFO:root:Item F0226 processed.
2023-05-20 22:00:58,421 DEBUG:urllib3.connectionpool:Starting new HTTPS connection (1): transkribus.eu:443
2023-05-20 22:00:58,845 DEBUG:urllib3.connectionpool:https://transkribus.eu:443 "POST /processing/v1/processes HTTP/1.1" 200 66
2023-05-20 22:00:58,845 INFO:root:Item F0227 image 1 has process ID 5025472.
2023-05-20 22:00:58,847 INFO:root:Item F0227 processed.
2023-05-20 22:00:58,854 DEBUG:urllib3.connectionpool:Starting new HTTPS connection (1): transkribus.eu:443
2023-05-20 22:00:59,298 DEBUG:urllib3.connectionpool:https://transkribus.eu:443 "POST /processing/v1/processes HTTP/1.1" 200 66
2023-05-20 22:00:59,298 INFO:root:Item F0228 image 1 has process ID 5025473.
2023-05-20 22:00:59,300 INFO:root:Item F0228 processed.
2023-05-20 22:00:59,304 DEBUG:urllib3.connectionpool:Starting new HTTPS connection (1): transkribus.eu:443
2023-05-20 22:00:59,897 DEBUG:urllib3.connectionpool:https://transkribus.eu:443 "POST /processing/v1/processes HTTP/1.1" 200 66
2023-05-20 22:00:59,897 INFO:root:Item F0229 image 1 has process ID 5025474.
2023-05-20 22:00:59,898 INFO:root:Item F0229 processed.
2023-05-20 22:00:59,902 DEBUG:urllib3.connectionpool:Starting new HTTPS connection (1): transkribus.eu:443
2023-05-20 22:01:00,336 DEBUG:urllib3.connectionpool:https://transkribus.eu:443 "POST /processing/v1/processes HTTP/1.1" 200 66
2023-05-20 22:01:00,337 INFO:root:Item F0230 image 1 has process ID 5025475.
2023-05-20 22:01:00,338 INFO:root:Item F0230 processed.
2023-05-20 22:01:00,345 DEBUG:urllib3.connectionpool:Starting new HTTPS connection (1): transkribus.eu:443
2023-05-20 22:01:00,821 DEBUG:urllib3.connectionpool:https://transkribus.eu:443 "POST /processing/v1/processes HTTP/1.1" 200 66
2023-05-20 22:01:00,822 INFO:root:Item F0231 image 1 has process ID 5025476.
2023-05-20 22:01:00,823 INFO:root:Item F0231 processed.
2023-05-20 22:01:00,827 DEBUG:urllib3.connectionpool:Starting new HTTPS connection (1): transkribus.eu:443
2023-05-20 22:01:01,294 DEBUG:urllib3.connectionpool:https://transkribus.eu:443 "POST /processing/v1/processes HTTP/1.1" 200 66
2023-05-20 22:01:01,294 INFO:root:Item F0232 image 1 has process ID 5025477.
2023-05-20 22:01:01,296 INFO:root:Item F0232 processed.
2023-05-20 22:01:01,307 DEBUG:urllib3.connectionpool:Starting new HTTPS connection (1): transkribus.eu:443
2023-05-20 22:01:01,913 DEBUG:urllib3.connectionpool:https://transkribus.eu:443 "POST /processing/v1/processes HTTP/1.1" 200 66
2023-05-20 22:01:01,913 INFO:root:Item F0233 image 1 has process ID 5025479.
2023-05-20 22:01:01,915 INFO:root:Item F0233 processed.
2023-05-20 22:01:01,924 DEBUG:urllib3.connectionpool:Starting new HTTPS connection (1): transkribus.eu:443
2023-05-20 22:01:02,520 DEBUG:urllib3.connectionpool:https://transkribus.eu:443 "POST /processing/v1/processes HTTP/1.1" 200 66
2023-05-20 22:01:02,521 INFO:root:Item F0234 image 1 has process ID 5025480.
2023-05-20 22:01:02,522 INFO:root:Item F0234 processed.
2023-05-20 22:01:02,531 DEBUG:urllib3.connectionpool:Starting new HTTPS connection (1): transkribus.eu:443
2023-05-20 22:01:03,102 DEBUG:urllib3.connectionpool:https://transkribus.eu:443 "POST /processing/v1/processes HTTP/1.1" 200 66
2023-05-20 22:01:03,103 INFO:root:Item F0235 image 1 has process ID 5025481.
2023-05-20 22:01:03,104 INFO:root:Item F0235 processed.
2023-05-20 22:01:03,115 DEBUG:urllib3.connectionpool:Starting new HTTPS connection (1): transkribus.eu:443
2023-05-20 22:01:03,662 DEBUG:urllib3.connectionpool:https://transkribus.eu:443 "POST /processing/v1/processes HTTP/1.1" 200 66
2023-05-20 22:01:03,664 INFO:root:Item F0236 image 1 has process ID 5025482.
2023-05-20 22:01:03,665 INFO:root:Item F0236 processed.
2023-05-20 22:01:03,676 DEBUG:urllib3.connectionpool:Starting new HTTPS connection (1): transkribus.eu:443
2023-05-20 22:01:04,354 DEBUG:urllib3.connectionpool:https://transkribus.eu:443 "POST /processing/v1/processes HTTP/1.1" 200 66
2023-05-20 22:01:04,354 INFO:root:Item F0237 image 1 has process ID 5025483.
2023-05-20 22:01:04,356 INFO:root:Item F0237 processed.
2023-05-20 22:01:04,368 DEBUG:urllib3.connectionpool:Starting new HTTPS connection (1): transkribus.eu:443
2023-05-20 22:01:04,930 DEBUG:urllib3.connectionpool:https://transkribus.eu:443 "POST /processing/v1/processes HTTP/1.1" 200 66
2023-05-20 22:01:04,930 INFO:root:Item F0238 image 1 has process ID 5025484.
2023-05-20 22:01:04,932 INFO:root:Item F0238 processed.
2023-05-20 22:01:04,941 DEBUG:urllib3.connectionpool:Starting new HTTPS connection (1): transkribus.eu:443
2023-05-20 22:01:05,514 DEBUG:urllib3.connectionpool:https://transkribus.eu:443 "POST /processing/v1/processes HTTP/1.1" 200 66
2023-05-20 22:01:05,515 INFO:root:Item F0239 image 1 has process ID 5025485.
2023-05-20 22:01:05,516 INFO:root:Item F0239 processed.
2023-05-20 22:01:05,527 DEBUG:urllib3.connectionpool:Starting new HTTPS connection (1): transkribus.eu:443
2023-05-20 22:01:06,033 DEBUG:urllib3.connectionpool:https://transkribus.eu:443 "POST /processing/v1/processes HTTP/1.1" 200 66
2023-05-20 22:01:06,033 INFO:root:Item F0240 image 1 has process ID 5025486.
2023-05-20 22:01:06,034 INFO:root:Item F0240 processed.
2023-05-20 22:01:06,042 DEBUG:urllib3.connectionpool:Starting new HTTPS connection (1): transkribus.eu:443
2023-05-20 22:01:06,571 DEBUG:urllib3.connectionpool:https://transkribus.eu:443 "POST /processing/v1/processes HTTP/1.1" 200 66
2023-05-20 22:01:06,572 INFO:root:Item F0241 image 1 has process ID 5025487.
2023-05-20 22:01:06,573 INFO:root:Item F0241 processed.
2023-05-20 22:01:06,578 DEBUG:urllib3.connectionpool:Starting new HTTPS connection (1): transkribus.eu:443
2023-05-20 22:01:07,088 DEBUG:urllib3.connectionpool:https://transkribus.eu:443 "POST /processing/v1/processes HTTP/1.1" 200 66
2023-05-20 22:01:07,088 INFO:root:Item F0242 image 1 has process ID 5025488.
2023-05-20 22:01:07,089 INFO:root:Item F0242 processed.
2023-05-20 22:01:07,097 DEBUG:urllib3.connectionpool:Starting new HTTPS connection (1): transkribus.eu:443
2023-05-20 22:01:07,605 DEBUG:urllib3.connectionpool:https://transkribus.eu:443 "POST /processing/v1/processes HTTP/1.1" 200 66
2023-05-20 22:01:07,606 INFO:root:Item F0243 image 1 has process ID 5025489.
2023-05-20 22:01:07,607 INFO:root:Item F0243 processed.
2023-05-20 22:01:07,612 DEBUG:urllib3.connectionpool:Starting new HTTPS connection (1): transkribus.eu:443
2023-05-20 22:01:08,102 DEBUG:urllib3.connectionpool:https://transkribus.eu:443 "POST /processing/v1/processes HTTP/1.1" 200 66
2023-05-20 22:01:08,102 INFO:root:Item F0244 image 1 has process ID 5025490.
2023-05-20 22:01:08,104 INFO:root:Item F0244 processed.
2023-05-20 22:01:08,112 DEBUG:urllib3.connectionpool:Starting new HTTPS connection (1): transkribus.eu:443
2023-05-20 22:01:08,590 DEBUG:urllib3.connectionpool:https://transkribus.eu:443 "POST /processing/v1/processes HTTP/1.1" 200 66
2023-05-20 22:01:08,591 INFO:root:Item F0245 image 1 has process ID 5025491.
2023-05-20 22:01:08,592 INFO:root:Item F0245 processed.
2023-05-20 22:01:08,603 DEBUG:urllib3.connectionpool:Starting new HTTPS connection (1): transkribus.eu:443
2023-05-20 22:01:09,136 DEBUG:urllib3.connectionpool:https://transkribus.eu:443 "POST /processing/v1/processes HTTP/1.1" 200 66
2023-05-20 22:01:09,137 INFO:root:Item F0246 image 1 has process ID 5025492.
2023-05-20 22:01:09,138 INFO:root:Item F0246 processed.
2023-05-20 22:01:09,146 DEBUG:urllib3.connectionpool:Starting new HTTPS connection (1): transkribus.eu:443
2023-05-20 22:01:09,585 DEBUG:urllib3.connectionpool:https://transkribus.eu:443 "POST /processing/v1/processes HTTP/1.1" 200 66
2023-05-20 22:01:09,585 INFO:root:Item F0247 image 1 has process ID 5025493.
2023-05-20 22:01:09,587 INFO:root:Item F0247 processed.
2023-05-20 22:01:09,594 DEBUG:urllib3.connectionpool:Starting new HTTPS connection (1): transkribus.eu:443
2023-05-20 22:01:10,000 DEBUG:urllib3.connectionpool:https://transkribus.eu:443 "POST /processing/v1/processes HTTP/1.1" 200 66
2023-05-20 22:01:10,000 INFO:root:Item F0248 image 1 has process ID 5025494.
2023-05-20 22:01:10,001 INFO:root:Item F0248 processed.
2023-05-20 22:01:10,003 INFO:root:Map of map of item IDs to Transkribus metagrapho API processing IDs saved to mapping_20230520-220110.csv.
2023-05-20 22:01:10,126 INFO:root:Updated Tropy export JSON-LD file saved to C:\Users\Max\PycharmProjects\metagrapho-tropy/test/sample_input_updated_20230520-220110.json.
2023-05-20 22:01:10,126 INFO:root:Finished Client.process_tropy.
